2019-10-11 15:22:59 Error: [PDOException] SQLSTATE[23000]: Integrity constraint violation: 1062 Duplicate entry '1' for key 'PRIMARY' in C:\UniServerZ\www\gr02\pokemon v0-0-1\vendor\robmorgan\phinx\src\Phinx\Db\Adapter\PdoAdapter.php on line 317
Stack Trace:
#0 C:\UniServerZ\www\gr02\pokemon v0-0-1\vendor\robmorgan\phinx\src\Phinx\Db\Adapter\PdoAdapter.php(317): PDOStatement->execute(Array)
#1 C:\UniServerZ\www\gr02\pokemon v0-0-1\vendor\robmorgan\phinx\src\Phinx\Db\Adapter\AdapterWrapper.php(193): Phinx\Db\Adapter\PdoAdapter->bulkinsert(Object(Phinx\Db\Table\Table), Array)
#2 C:\UniServerZ\www\gr02\pokemon v0-0-1\vendor\robmorgan\phinx\src\Phinx\Db\Adapter\TimedOutputAdapter.php(127): Phinx\Db\Adapter\AdapterWrapper->bulkinsert(Object(Phinx\Db\Table\Table), Array)
#3 C:\UniServerZ\www\gr02\pokemon v0-0-1\vendor\robmorgan\phinx\src\Phinx\Db\Adapter\AdapterWrapper.php(193): Phinx\Db\Adapter\TimedOutputAdapter->bulkinsert(Object(Phinx\Db\Table\Table), Array)
#4 C:\UniServerZ\www\gr02\pokemon v0-0-1\vendor\robmorgan\phinx\src\Phinx\Db\Table.php(655): Phinx\Db\Adapter\AdapterWrapper->bulkinsert(Object(Phinx\Db\Table\Table), Array)
#5 C:\UniServerZ\www\gr02\pokemon v0-0-1\vendor\robmorgan\phinx\src\Phinx\Db\Table.php(627): Phinx\Db\Table->saveData()
#6 C:\UniServerZ\www\gr02\pokemon v0-0-1\vendor\robmorgan\phinx\src\Phinx\Db\Table.php(685): Phinx\Db\Table->update()
#7 C:\UniServerZ\www\gr02\pokemon v0-0-1\config\Seeds\AttacksSeed.php(65): Phinx\Db\Table->save()
#8 C:\UniServerZ\www\gr02\pokemon v0-0-1\vendor\robmorgan\phinx\src\Phinx\Migration\Manager\Environment.php(158): AttacksSeed->run()
#9 C:\UniServerZ\www\gr02\pokemon v0-0-1\vendor\robmorgan\phinx\src\Phinx\Migration\Manager.php(421): Phinx\Migration\Manager\Environment->executeSeed(Object(AttacksSeed))
#10 C:\UniServerZ\www\gr02\pokemon v0-0-1\vendor\robmorgan\phinx\src\Phinx\Migration\Manager.php(564): Phinx\Migration\Manager->executeSeed('default', Object(AttacksSeed))
#11 C:\UniServerZ\www\gr02\pokemon v0-0-1\vendor\robmorgan\phinx\src\Phinx\Console\Command\SeedRun.php(115): Phinx\Migration\Manager->seed('default', 'AttacksSeed')
#12 C:\UniServerZ\www\gr02\pokemon v0-0-1\vendor\cakephp\migrations\src\Command\CommandTrait.php(35): Phinx\Console\Command\SeedRun->execute(Object(Symfony\Component\Console\Input\ArgvInput), Object(Symfony\Component\Console\Output\ConsoleOutput))
#13 C:\UniServerZ\www\gr02\pokemon v0-0-1\vendor\cakephp\migrations\src\Command\Seed.php(72): Migrations\Command\Seed->parentExecute(Object(Symfony\Component\Console\Input\ArgvInput), Object(Symfony\Component\Console\Output\ConsoleOutput))
#14 C:\UniServerZ\www\gr02\pokemon v0-0-1\vendor\symfony\console\Command\Command.php(255): Migrations\Command\Seed->execute(Object(Symfony\Component\Console\Input\ArgvInput), Object(Symfony\Component\Console\Output\ConsoleOutput))
#15 C:\UniServerZ\www\gr02\pokemon v0-0-1\vendor\symfony\console\Application.php(921): Symfony\Component\Console\Command\Command->run(Object(Symfony\Component\Console\Input\ArgvInput), Object(Symfony\Component\Console\Output\ConsoleOutput))
#16 C:\UniServerZ\www\gr02\pokemon v0-0-1\vendor\symfony\console\Application.php(273): Symfony\Component\Console\Application->doRunCommand(Object(Migrations\Command\Seed), Object(Symfony\Component\Console\Input\ArgvInput), Object(Symfony\Component\Console\Output\ConsoleOutput))
#17 C:\UniServerZ\www\gr02\pokemon v0-0-1\vendor\symfony\console\Application.php(149): Symfony\Component\Console\Application->doRun(Object(Symfony\Component\Console\Input\ArgvInput), Object(Symfony\Component\Console\Output\ConsoleOutput))
#18 C:\UniServerZ\www\gr02\pokemon v0-0-1\vendor\cakephp\migrations\src\Shell\MigrationsShell.php(109): Symfony\Component\Console\Application->run(Object(Symfony\Component\Console\Input\ArgvInput), Object(Symfony\Component\Console\Output\ConsoleOutput))
#19 C:\UniServerZ\www\gr02\pokemon v0-0-1\vendor\cakephp\cakephp\src\Console\Shell.php(532): Migrations\Shell\MigrationsShell->main('migrations', 'seed')
#20 C:\UniServerZ\www\gr02\pokemon v0-0-1\vendor\cakephp\migrations\src\Shell\MigrationsShell.php(165): Cake\Console\Shell->runCommand(Array, true, Array)
#21 C:\UniServerZ\www\gr02\pokemon v0-0-1\vendor\cakephp\cakephp\src\Console\CommandRunner.php(384): Migrations\Shell\MigrationsShell->runCommand(Array, true)
#22 C:\UniServerZ\www\gr02\pokemon v0-0-1\vendor\cakephp\cakephp\src\Console\CommandRunner.php(162): Cake\Console\CommandRunner->runShell(Object(Migrations\Shell\MigrationsShell), Array)
#23 C:\UniServerZ\www\gr02\pokemon v0-0-1\bin\cake.php(12): Cake\Console\CommandRunner->run(Array)
#24 {main}


2019-10-11 15:24:01 Error: [PDOException] SQLSTATE[23000]: Integrity constraint violation: 1062 Duplicate entry '1' for key 'PRIMARY' in C:\UniServerZ\www\gr02\pokemon v0-0-1\vendor\robmorgan\phinx\src\Phinx\Db\Adapter\PdoAdapter.php on line 317
Stack Trace:
#0 C:\UniServerZ\www\gr02\pokemon v0-0-1\vendor\robmorgan\phinx\src\Phinx\Db\Adapter\PdoAdapter.php(317): PDOStatement->execute(Array)
#1 C:\UniServerZ\www\gr02\pokemon v0-0-1\vendor\robmorgan\phinx\src\Phinx\Db\Adapter\AdapterWrapper.php(193): Phinx\Db\Adapter\PdoAdapter->bulkinsert(Object(Phinx\Db\Table\Table), Array)
#2 C:\UniServerZ\www\gr02\pokemon v0-0-1\vendor\robmorgan\phinx\src\Phinx\Db\Adapter\TimedOutputAdapter.php(127): Phinx\Db\Adapter\AdapterWrapper->bulkinsert(Object(Phinx\Db\Table\Table), Array)
#3 C:\UniServerZ\www\gr02\pokemon v0-0-1\vendor\robmorgan\phinx\src\Phinx\Db\Adapter\AdapterWrapper.php(193): Phinx\Db\Adapter\TimedOutputAdapter->bulkinsert(Object(Phinx\Db\Table\Table), Array)
#4 C:\UniServerZ\www\gr02\pokemon v0-0-1\vendor\robmorgan\phinx\src\Phinx\Db\Table.php(655): Phinx\Db\Adapter\AdapterWrapper->bulkinsert(Object(Phinx\Db\Table\Table), Array)
#5 C:\UniServerZ\www\gr02\pokemon v0-0-1\vendor\robmorgan\phinx\src\Phinx\Db\Table.php(627): Phinx\Db\Table->saveData()
#6 C:\UniServerZ\www\gr02\pokemon v0-0-1\vendor\robmorgan\phinx\src\Phinx\Db\Table.php(685): Phinx\Db\Table->update()
#7 C:\UniServerZ\www\gr02\pokemon v0-0-1\config\Seeds\FilesSeed.php(57): Phinx\Db\Table->save()
#8 C:\UniServerZ\www\gr02\pokemon v0-0-1\vendor\robmorgan\phinx\src\Phinx\Migration\Manager\Environment.php(158): FilesSeed->run()
#9 C:\UniServerZ\www\gr02\pokemon v0-0-1\vendor\robmorgan\phinx\src\Phinx\Migration\Manager.php(421): Phinx\Migration\Manager\Environment->executeSeed(Object(FilesSeed))
#10 C:\UniServerZ\www\gr02\pokemon v0-0-1\vendor\robmorgan\phinx\src\Phinx\Migration\Manager.php(564): Phinx\Migration\Manager->executeSeed('default', Object(FilesSeed))
#11 C:\UniServerZ\www\gr02\pokemon v0-0-1\vendor\robmorgan\phinx\src\Phinx\Console\Command\SeedRun.php(115): Phinx\Migration\Manager->seed('default', 'FilesSeed')
#12 C:\UniServerZ\www\gr02\pokemon v0-0-1\vendor\cakephp\migrations\src\Command\CommandTrait.php(35): Phinx\Console\Command\SeedRun->execute(Object(Symfony\Component\Console\Input\ArgvInput), Object(Symfony\Component\Console\Output\ConsoleOutput))
#13 C:\UniServerZ\www\gr02\pokemon v0-0-1\vendor\cakephp\migrations\src\Command\Seed.php(72): Migrations\Command\Seed->parentExecute(Object(Symfony\Component\Console\Input\ArgvInput), Object(Symfony\Component\Console\Output\ConsoleOutput))
#14 C:\UniServerZ\www\gr02\pokemon v0-0-1\vendor\symfony\console\Command\Command.php(255): Migrations\Command\Seed->execute(Object(Symfony\Component\Console\Input\ArgvInput), Object(Symfony\Component\Console\Output\ConsoleOutput))
#15 C:\UniServerZ\www\gr02\pokemon v0-0-1\vendor\symfony\console\Application.php(921): Symfony\Component\Console\Command\Command->run(Object(Symfony\Component\Console\Input\ArgvInput), Object(Symfony\Component\Console\Output\ConsoleOutput))
#16 C:\UniServerZ\www\gr02\pokemon v0-0-1\vendor\symfony\console\Application.php(273): Symfony\Component\Console\Application->doRunCommand(Object(Migrations\Command\Seed), Object(Symfony\Component\Console\Input\ArgvInput), Object(Symfony\Component\Console\Output\ConsoleOutput))
#17 C:\UniServerZ\www\gr02\pokemon v0-0-1\vendor\symfony\console\Application.php(149): Symfony\Component\Console\Application->doRun(Object(Symfony\Component\Console\Input\ArgvInput), Object(Symfony\Component\Console\Output\ConsoleOutput))
#18 C:\UniServerZ\www\gr02\pokemon v0-0-1\vendor\cakephp\migrations\src\Shell\MigrationsShell.php(109): Symfony\Component\Console\Application->run(Object(Symfony\Component\Console\Input\ArgvInput), Object(Symfony\Component\Console\Output\ConsoleOutput))
#19 C:\UniServerZ\www\gr02\pokemon v0-0-1\vendor\cakephp\cakephp\src\Console\Shell.php(532): Migrations\Shell\MigrationsShell->main('migrations', 'seed')
#20 C:\UniServerZ\www\gr02\pokemon v0-0-1\vendor\cakephp\migrations\src\Shell\MigrationsShell.php(165): Cake\Console\Shell->runCommand(Array, true, Array)
#21 C:\UniServerZ\www\gr02\pokemon v0-0-1\vendor\cakephp\cakephp\src\Console\CommandRunner.php(384): Migrations\Shell\MigrationsShell->runCommand(Array, true)
#22 C:\UniServerZ\www\gr02\pokemon v0-0-1\vendor\cakephp\cakephp\src\Console\CommandRunner.php(162): Cake\Console\CommandRunner->runShell(Object(Migrations\Shell\MigrationsShell), Array)
#23 C:\UniServerZ\www\gr02\pokemon v0-0-1\bin\cake.php(12): Cake\Console\CommandRunner->run(Array)
#24 {main}


2019-10-11 15:25:16 Error: [InvalidArgumentException] The seed class "Pokemon" does not exist in C:\UniServerZ\www\gr02\pokemon v0-0-1\vendor\robmorgan\phinx\src\Phinx\Migration\Manager.php on line 566
Stack Trace:
#0 C:\UniServerZ\www\gr02\pokemon v0-0-1\vendor\robmorgan\phinx\src\Phinx\Console\Command\SeedRun.php(115): Phinx\Migration\Manager->seed('default', 'Pokemon')
#1 C:\UniServerZ\www\gr02\pokemon v0-0-1\vendor\cakephp\migrations\src\Command\CommandTrait.php(35): Phinx\Console\Command\SeedRun->execute(Object(Symfony\Component\Console\Input\ArgvInput), Object(Symfony\Component\Console\Output\ConsoleOutput))
#2 C:\UniServerZ\www\gr02\pokemon v0-0-1\vendor\cakephp\migrations\src\Command\Seed.php(72): Migrations\Command\Seed->parentExecute(Object(Symfony\Component\Console\Input\ArgvInput), Object(Symfony\Component\Console\Output\ConsoleOutput))
#3 C:\UniServerZ\www\gr02\pokemon v0-0-1\vendor\symfony\console\Command\Command.php(255): Migrations\Command\Seed->execute(Object(Symfony\Component\Console\Input\ArgvInput), Object(Symfony\Component\Console\Output\ConsoleOutput))
#4 C:\UniServerZ\www\gr02\pokemon v0-0-1\vendor\symfony\console\Application.php(921): Symfony\Component\Console\Command\Command->run(Object(Symfony\Component\Console\Input\ArgvInput), Object(Symfony\Component\Console\Output\ConsoleOutput))
#5 C:\UniServerZ\www\gr02\pokemon v0-0-1\vendor\symfony\console\Application.php(273): Symfony\Component\Console\Application->doRunCommand(Object(Migrations\Command\Seed), Object(Symfony\Component\Console\Input\ArgvInput), Object(Symfony\Component\Console\Output\ConsoleOutput))
#6 C:\UniServerZ\www\gr02\pokemon v0-0-1\vendor\symfony\console\Application.php(149): Symfony\Component\Console\Application->doRun(Object(Symfony\Component\Console\Input\ArgvInput), Object(Symfony\Component\Console\Output\ConsoleOutput))
#7 C:\UniServerZ\www\gr02\pokemon v0-0-1\vendor\cakephp\migrations\src\Shell\MigrationsShell.php(109): Symfony\Component\Console\Application->run(Object(Symfony\Component\Console\Input\ArgvInput), Object(Symfony\Component\Console\Output\ConsoleOutput))
#8 C:\UniServerZ\www\gr02\pokemon v0-0-1\vendor\cakephp\cakephp\src\Console\Shell.php(532): Migrations\Shell\MigrationsShell->main('migrations', 'seed')
#9 C:\UniServerZ\www\gr02\pokemon v0-0-1\vendor\cakephp\migrations\src\Shell\MigrationsShell.php(165): Cake\Console\Shell->runCommand(Array, true, Array)
#10 C:\UniServerZ\www\gr02\pokemon v0-0-1\vendor\cakephp\cakephp\src\Console\CommandRunner.php(384): Migrations\Shell\MigrationsShell->runCommand(Array, true)
#11 C:\UniServerZ\www\gr02\pokemon v0-0-1\vendor\cakephp\cakephp\src\Console\CommandRunner.php(162): Cake\Console\CommandRunner->runShell(Object(Migrations\Shell\MigrationsShell), Array)
#12 C:\UniServerZ\www\gr02\pokemon v0-0-1\bin\cake.php(12): Cake\Console\CommandRunner->run(Array)
#13 {main}


2019-10-11 15:25:26 Error: [PDOException] SQLSTATE[23000]: Integrity constraint violation: 1062 Duplicate entry '1' for key 'PRIMARY' in C:\UniServerZ\www\gr02\pokemon v0-0-1\vendor\robmorgan\phinx\src\Phinx\Db\Adapter\PdoAdapter.php on line 317
Stack Trace:
#0 C:\UniServerZ\www\gr02\pokemon v0-0-1\vendor\robmorgan\phinx\src\Phinx\Db\Adapter\PdoAdapter.php(317): PDOStatement->execute(Array)
#1 C:\UniServerZ\www\gr02\pokemon v0-0-1\vendor\robmorgan\phinx\src\Phinx\Db\Adapter\AdapterWrapper.php(193): Phinx\Db\Adapter\PdoAdapter->bulkinsert(Object(Phinx\Db\Table\Table), Array)
#2 C:\UniServerZ\www\gr02\pokemon v0-0-1\vendor\robmorgan\phinx\src\Phinx\Db\Adapter\TimedOutputAdapter.php(127): Phinx\Db\Adapter\AdapterWrapper->bulkinsert(Object(Phinx\Db\Table\Table), Array)
#3 C:\UniServerZ\www\gr02\pokemon v0-0-1\vendor\robmorgan\phinx\src\Phinx\Db\Adapter\AdapterWrapper.php(193): Phinx\Db\Adapter\TimedOutputAdapter->bulkinsert(Object(Phinx\Db\Table\Table), Array)
#4 C:\UniServerZ\www\gr02\pokemon v0-0-1\vendor\robmorgan\phinx\src\Phinx\Db\Table.php(655): Phinx\Db\Adapter\AdapterWrapper->bulkinsert(Object(Phinx\Db\Table\Table), Array)
#5 C:\UniServerZ\www\gr02\pokemon v0-0-1\vendor\robmorgan\phinx\src\Phinx\Db\Table.php(627): Phinx\Db\Table->saveData()
#6 C:\UniServerZ\www\gr02\pokemon v0-0-1\vendor\robmorgan\phinx\src\Phinx\Db\Table.php(685): Phinx\Db\Table->update()
#7 C:\UniServerZ\www\gr02\pokemon v0-0-1\config\Seeds\PokemonSeed.php(85): Phinx\Db\Table->save()
#8 C:\UniServerZ\www\gr02\pokemon v0-0-1\vendor\robmorgan\phinx\src\Phinx\Migration\Manager\Environment.php(158): PokemonSeed->run()
#9 C:\UniServerZ\www\gr02\pokemon v0-0-1\vendor\robmorgan\phinx\src\Phinx\Migration\Manager.php(421): Phinx\Migration\Manager\Environment->executeSeed(Object(PokemonSeed))
#10 C:\UniServerZ\www\gr02\pokemon v0-0-1\vendor\robmorgan\phinx\src\Phinx\Migration\Manager.php(564): Phinx\Migration\Manager->executeSeed('default', Object(PokemonSeed))
#11 C:\UniServerZ\www\gr02\pokemon v0-0-1\vendor\robmorgan\phinx\src\Phinx\Console\Command\SeedRun.php(115): Phinx\Migration\Manager->seed('default', 'PokemonSeed')
#12 C:\UniServerZ\www\gr02\pokemon v0-0-1\vendor\cakephp\migrations\src\Command\CommandTrait.php(35): Phinx\Console\Command\SeedRun->execute(Object(Symfony\Component\Console\Input\ArgvInput), Object(Symfony\Component\Console\Output\ConsoleOutput))
#13 C:\UniServerZ\www\gr02\pokemon v0-0-1\vendor\cakephp\migrations\src\Command\Seed.php(72): Migrations\Command\Seed->parentExecute(Object(Symfony\Component\Console\Input\ArgvInput), Object(Symfony\Component\Console\Output\ConsoleOutput))
#14 C:\UniServerZ\www\gr02\pokemon v0-0-1\vendor\symfony\console\Command\Command.php(255): Migrations\Command\Seed->execute(Object(Symfony\Component\Console\Input\ArgvInput), Object(Symfony\Component\Console\Output\ConsoleOutput))
#15 C:\UniServerZ\www\gr02\pokemon v0-0-1\vendor\symfony\console\Application.php(921): Symfony\Component\Console\Command\Command->run(Object(Symfony\Component\Console\Input\ArgvInput), Object(Symfony\Component\Console\Output\ConsoleOutput))
#16 C:\UniServerZ\www\gr02\pokemon v0-0-1\vendor\symfony\console\Application.php(273): Symfony\Component\Console\Application->doRunCommand(Object(Migrations\Command\Seed), Object(Symfony\Component\Console\Input\ArgvInput), Object(Symfony\Component\Console\Output\ConsoleOutput))
#17 C:\UniServerZ\www\gr02\pokemon v0-0-1\vendor\symfony\console\Application.php(149): Symfony\Component\Console\Application->doRun(Object(Symfony\Component\Console\Input\ArgvInput), Object(Symfony\Component\Console\Output\ConsoleOutput))
#18 C:\UniServerZ\www\gr02\pokemon v0-0-1\vendor\cakephp\migrations\src\Shell\MigrationsShell.php(109): Symfony\Component\Console\Application->run(Object(Symfony\Component\Console\Input\ArgvInput), Object(Symfony\Component\Console\Output\ConsoleOutput))
#19 C:\UniServerZ\www\gr02\pokemon v0-0-1\vendor\cakephp\cakephp\src\Console\Shell.php(532): Migrations\Shell\MigrationsShell->main('migrations', 'seed')
#20 C:\UniServerZ\www\gr02\pokemon v0-0-1\vendor\cakephp\migrations\src\Shell\MigrationsShell.php(165): Cake\Console\Shell->runCommand(Array, true, Array)
#21 C:\UniServerZ\www\gr02\pokemon v0-0-1\vendor\cakephp\cakephp\src\Console\CommandRunner.php(384): Migrations\Shell\MigrationsShell->runCommand(Array, true)
#22 C:\UniServerZ\www\gr02\pokemon v0-0-1\vendor\cakephp\cakephp\src\Console\CommandRunner.php(162): Cake\Console\CommandRunner->runShell(Object(Migrations\Shell\MigrationsShell), Array)
#23 C:\UniServerZ\www\gr02\pokemon v0-0-1\bin\cake.php(12): Cake\Console\CommandRunner->run(Array)
#24 {main}


2019-10-11 15:25:52 Error: [PDOException] SQLSTATE[23000]: Integrity constraint violation: 1062 Duplicate entry '1' for key 'PRIMARY' in C:\UniServerZ\www\gr02\pokemon v0-0-1\vendor\robmorgan\phinx\src\Phinx\Db\Adapter\PdoAdapter.php on line 317
Stack Trace:
#0 C:\UniServerZ\www\gr02\pokemon v0-0-1\vendor\robmorgan\phinx\src\Phinx\Db\Adapter\PdoAdapter.php(317): PDOStatement->execute(Array)
#1 C:\UniServerZ\www\gr02\pokemon v0-0-1\vendor\robmorgan\phinx\src\Phinx\Db\Adapter\AdapterWrapper.php(193): Phinx\Db\Adapter\PdoAdapter->bulkinsert(Object(Phinx\Db\Table\Table), Array)
#2 C:\UniServerZ\www\gr02\pokemon v0-0-1\vendor\robmorgan\phinx\src\Phinx\Db\Adapter\TimedOutputAdapter.php(127): Phinx\Db\Adapter\AdapterWrapper->bulkinsert(Object(Phinx\Db\Table\Table), Array)
#3 C:\UniServerZ\www\gr02\pokemon v0-0-1\vendor\robmorgan\phinx\src\Phinx\Db\Adapter\AdapterWrapper.php(193): Phinx\Db\Adapter\TimedOutputAdapter->bulkinsert(Object(Phinx\Db\Table\Table), Array)
#4 C:\UniServerZ\www\gr02\pokemon v0-0-1\vendor\robmorgan\phinx\src\Phinx\Db\Table.php(655): Phinx\Db\Adapter\AdapterWrapper->bulkinsert(Object(Phinx\Db\Table\Table), Array)
#5 C:\UniServerZ\www\gr02\pokemon v0-0-1\vendor\robmorgan\phinx\src\Phinx\Db\Table.php(627): Phinx\Db\Table->saveData()
#6 C:\UniServerZ\www\gr02\pokemon v0-0-1\vendor\robmorgan\phinx\src\Phinx\Db\Table.php(685): Phinx\Db\Table->update()
#7 C:\UniServerZ\www\gr02\pokemon v0-0-1\config\Seeds\UsersSeed.php(97): Phinx\Db\Table->save()
#8 C:\UniServerZ\www\gr02\pokemon v0-0-1\vendor\robmorgan\phinx\src\Phinx\Migration\Manager\Environment.php(158): UsersSeed->run()
#9 C:\UniServerZ\www\gr02\pokemon v0-0-1\vendor\robmorgan\phinx\src\Phinx\Migration\Manager.php(421): Phinx\Migration\Manager\Environment->executeSeed(Object(UsersSeed))
#10 C:\UniServerZ\www\gr02\pokemon v0-0-1\vendor\robmorgan\phinx\src\Phinx\Migration\Manager.php(564): Phinx\Migration\Manager->executeSeed('default', Object(UsersSeed))
#11 C:\UniServerZ\www\gr02\pokemon v0-0-1\vendor\robmorgan\phinx\src\Phinx\Console\Command\SeedRun.php(115): Phinx\Migration\Manager->seed('default', 'UsersSeed')
#12 C:\UniServerZ\www\gr02\pokemon v0-0-1\vendor\cakephp\migrations\src\Command\CommandTrait.php(35): Phinx\Console\Command\SeedRun->execute(Object(Symfony\Component\Console\Input\ArgvInput), Object(Symfony\Component\Console\Output\ConsoleOutput))
#13 C:\UniServerZ\www\gr02\pokemon v0-0-1\vendor\cakephp\migrations\src\Command\Seed.php(72): Migrations\Command\Seed->parentExecute(Object(Symfony\Component\Console\Input\ArgvInput), Object(Symfony\Component\Console\Output\ConsoleOutput))
#14 C:\UniServerZ\www\gr02\pokemon v0-0-1\vendor\symfony\console\Command\Command.php(255): Migrations\Command\Seed->execute(Object(Symfony\Component\Console\Input\ArgvInput), Object(Symfony\Component\Console\Output\ConsoleOutput))
#15 C:\UniServerZ\www\gr02\pokemon v0-0-1\vendor\symfony\console\Application.php(921): Symfony\Component\Console\Command\Command->run(Object(Symfony\Component\Console\Input\ArgvInput), Object(Symfony\Component\Console\Output\ConsoleOutput))
#16 C:\UniServerZ\www\gr02\pokemon v0-0-1\vendor\symfony\console\Application.php(273): Symfony\Component\Console\Application->doRunCommand(Object(Migrations\Command\Seed), Object(Symfony\Component\Console\Input\ArgvInput), Object(Symfony\Component\Console\Output\ConsoleOutput))
#17 C:\UniServerZ\www\gr02\pokemon v0-0-1\vendor\symfony\console\Application.php(149): Symfony\Component\Console\Application->doRun(Object(Symfony\Component\Console\Input\ArgvInput), Object(Symfony\Component\Console\Output\ConsoleOutput))
#18 C:\UniServerZ\www\gr02\pokemon v0-0-1\vendor\cakephp\migrations\src\Shell\MigrationsShell.php(109): Symfony\Component\Console\Application->run(Object(Symfony\Component\Console\Input\ArgvInput), Object(Symfony\Component\Console\Output\ConsoleOutput))
#19 C:\UniServerZ\www\gr02\pokemon v0-0-1\vendor\cakephp\cakephp\src\Console\Shell.php(532): Migrations\Shell\MigrationsShell->main('migrations', 'seed')
#20 C:\UniServerZ\www\gr02\pokemon v0-0-1\vendor\cakephp\migrations\src\Shell\MigrationsShell.php(165): Cake\Console\Shell->runCommand(Array, true, Array)
#21 C:\UniServerZ\www\gr02\pokemon v0-0-1\vendor\cakephp\cakephp\src\Console\CommandRunner.php(384): Migrations\Shell\MigrationsShell->runCommand(Array, true)
#22 C:\UniServerZ\www\gr02\pokemon v0-0-1\vendor\cakephp\cakephp\src\Console\CommandRunner.php(162): Cake\Console\CommandRunner->runShell(Object(Migrations\Shell\MigrationsShell), Array)
#23 C:\UniServerZ\www\gr02\pokemon v0-0-1\bin\cake.php(12): Cake\Console\CommandRunner->run(Array)
#24 {main}


2019-10-11 15:27:23 Error: [PDOException] SQLSTATE[23000]: Integrity constraint violation: 1062 Duplicate entry '1' for key 'PRIMARY' in C:\UniServerZ\www\gr02\pokemon v0-0-1\vendor\robmorgan\phinx\src\Phinx\Db\Adapter\PdoAdapter.php on line 317
Stack Trace:
#0 C:\UniServerZ\www\gr02\pokemon v0-0-1\vendor\robmorgan\phinx\src\Phinx\Db\Adapter\PdoAdapter.php(317): PDOStatement->execute(Array)
#1 C:\UniServerZ\www\gr02\pokemon v0-0-1\vendor\robmorgan\phinx\src\Phinx\Db\Adapter\AdapterWrapper.php(193): Phinx\Db\Adapter\PdoAdapter->bulkinsert(Object(Phinx\Db\Table\Table), Array)
#2 C:\UniServerZ\www\gr02\pokemon v0-0-1\vendor\robmorgan\phinx\src\Phinx\Db\Adapter\TimedOutputAdapter.php(127): Phinx\Db\Adapter\AdapterWrapper->bulkinsert(Object(Phinx\Db\Table\Table), Array)
#3 C:\UniServerZ\www\gr02\pokemon v0-0-1\vendor\robmorgan\phinx\src\Phinx\Db\Adapter\AdapterWrapper.php(193): Phinx\Db\Adapter\TimedOutputAdapter->bulkinsert(Object(Phinx\Db\Table\Table), Array)
#4 C:\UniServerZ\www\gr02\pokemon v0-0-1\vendor\robmorgan\phinx\src\Phinx\Db\Table.php(655): Phinx\Db\Adapter\AdapterWrapper->bulkinsert(Object(Phinx\Db\Table\Table), Array)
#5 C:\UniServerZ\www\gr02\pokemon v0-0-1\vendor\robmorgan\phinx\src\Phinx\Db\Table.php(627): Phinx\Db\Table->saveData()
#6 C:\UniServerZ\www\gr02\pokemon v0-0-1\vendor\robmorgan\phinx\src\Phinx\Db\Table.php(685): Phinx\Db\Table->update()
#7 C:\UniServerZ\www\gr02\pokemon v0-0-1\config\Seeds\UsersSeed.php(97): Phinx\Db\Table->save()
#8 C:\UniServerZ\www\gr02\pokemon v0-0-1\vendor\robmorgan\phinx\src\Phinx\Migration\Manager\Environment.php(158): UsersSeed->run()
#9 C:\UniServerZ\www\gr02\pokemon v0-0-1\vendor\robmorgan\phinx\src\Phinx\Migration\Manager.php(421): Phinx\Migration\Manager\Environment->executeSeed(Object(UsersSeed))
#10 C:\UniServerZ\www\gr02\pokemon v0-0-1\vendor\robmorgan\phinx\src\Phinx\Migration\Manager.php(564): Phinx\Migration\Manager->executeSeed('default', Object(UsersSeed))
#11 C:\UniServerZ\www\gr02\pokemon v0-0-1\vendor\robmorgan\phinx\src\Phinx\Console\Command\SeedRun.php(115): Phinx\Migration\Manager->seed('default', 'UsersSeed')
#12 C:\UniServerZ\www\gr02\pokemon v0-0-1\vendor\cakephp\migrations\src\Command\CommandTrait.php(35): Phinx\Console\Command\SeedRun->execute(Object(Symfony\Component\Console\Input\ArgvInput), Object(Symfony\Component\Console\Output\ConsoleOutput))
#13 C:\UniServerZ\www\gr02\pokemon v0-0-1\vendor\cakephp\migrations\src\Command\Seed.php(72): Migrations\Command\Seed->parentExecute(Object(Symfony\Component\Console\Input\ArgvInput), Object(Symfony\Component\Console\Output\ConsoleOutput))
#14 C:\UniServerZ\www\gr02\pokemon v0-0-1\vendor\symfony\console\Command\Command.php(255): Migrations\Command\Seed->execute(Object(Symfony\Component\Console\Input\ArgvInput), Object(Symfony\Component\Console\Output\ConsoleOutput))
#15 C:\UniServerZ\www\gr02\pokemon v0-0-1\vendor\symfony\console\Application.php(921): Symfony\Component\Console\Command\Command->run(Object(Symfony\Component\Console\Input\ArgvInput), Object(Symfony\Component\Console\Output\ConsoleOutput))
#16 C:\UniServerZ\www\gr02\pokemon v0-0-1\vendor\symfony\console\Application.php(273): Symfony\Component\Console\Application->doRunCommand(Object(Migrations\Command\Seed), Object(Symfony\Component\Console\Input\ArgvInput), Object(Symfony\Component\Console\Output\ConsoleOutput))
#17 C:\UniServerZ\www\gr02\pokemon v0-0-1\vendor\symfony\console\Application.php(149): Symfony\Component\Console\Application->doRun(Object(Symfony\Component\Console\Input\ArgvInput), Object(Symfony\Component\Console\Output\ConsoleOutput))
#18 C:\UniServerZ\www\gr02\pokemon v0-0-1\vendor\cakephp\migrations\src\Shell\MigrationsShell.php(109): Symfony\Component\Console\Application->run(Object(Symfony\Component\Console\Input\ArgvInput), Object(Symfony\Component\Console\Output\ConsoleOutput))
#19 C:\UniServerZ\www\gr02\pokemon v0-0-1\vendor\cakephp\cakephp\src\Console\Shell.php(532): Migrations\Shell\MigrationsShell->main('migrations', 'seed')
#20 C:\UniServerZ\www\gr02\pokemon v0-0-1\vendor\cakephp\migrations\src\Shell\MigrationsShell.php(165): Cake\Console\Shell->runCommand(Array, true, Array)
#21 C:\UniServerZ\www\gr02\pokemon v0-0-1\vendor\cakephp\cakephp\src\Console\CommandRunner.php(384): Migrations\Shell\MigrationsShell->runCommand(Array, true)
#22 C:\UniServerZ\www\gr02\pokemon v0-0-1\vendor\cakephp\cakephp\src\Console\CommandRunner.php(162): Cake\Console\CommandRunner->runShell(Object(Migrations\Shell\MigrationsShell), Array)
#23 C:\UniServerZ\www\gr02\pokemon v0-0-1\bin\cake.php(12): Cake\Console\CommandRunner->run(Array)
#24 {main}


2019-10-11 15:27:54 Error: [InvalidArgumentException] The seed class "usersSeed" does not exist in C:\UniServerZ\www\gr02\pokemon v0-0-1\vendor\robmorgan\phinx\src\Phinx\Migration\Manager.php on line 566
Stack Trace:
#0 C:\UniServerZ\www\gr02\pokemon v0-0-1\vendor\robmorgan\phinx\src\Phinx\Console\Command\SeedRun.php(115): Phinx\Migration\Manager->seed('default', 'usersSeed')
#1 C:\UniServerZ\www\gr02\pokemon v0-0-1\vendor\cakephp\migrations\src\Command\CommandTrait.php(35): Phinx\Console\Command\SeedRun->execute(Object(Symfony\Component\Console\Input\ArgvInput), Object(Symfony\Component\Console\Output\ConsoleOutput))
#2 C:\UniServerZ\www\gr02\pokemon v0-0-1\vendor\cakephp\migrations\src\Command\Seed.php(72): Migrations\Command\Seed->parentExecute(Object(Symfony\Component\Console\Input\ArgvInput), Object(Symfony\Component\Console\Output\ConsoleOutput))
#3 C:\UniServerZ\www\gr02\pokemon v0-0-1\vendor\symfony\console\Command\Command.php(255): Migrations\Command\Seed->execute(Object(Symfony\Component\Console\Input\ArgvInput), Object(Symfony\Component\Console\Output\ConsoleOutput))
#4 C:\UniServerZ\www\gr02\pokemon v0-0-1\vendor\symfony\console\Application.php(921): Symfony\Component\Console\Command\Command->run(Object(Symfony\Component\Console\Input\ArgvInput), Object(Symfony\Component\Console\Output\ConsoleOutput))
#5 C:\UniServerZ\www\gr02\pokemon v0-0-1\vendor\symfony\console\Application.php(273): Symfony\Component\Console\Application->doRunCommand(Object(Migrations\Command\Seed), Object(Symfony\Component\Console\Input\ArgvInput), Object(Symfony\Component\Console\Output\ConsoleOutput))
#6 C:\UniServerZ\www\gr02\pokemon v0-0-1\vendor\symfony\console\Application.php(149): Symfony\Component\Console\Application->doRun(Object(Symfony\Component\Console\Input\ArgvInput), Object(Symfony\Component\Console\Output\ConsoleOutput))
#7 C:\UniServerZ\www\gr02\pokemon v0-0-1\vendor\cakephp\migrations\src\Shell\MigrationsShell.php(109): Symfony\Component\Console\Application->run(Object(Symfony\Component\Console\Input\ArgvInput), Object(Symfony\Component\Console\Output\ConsoleOutput))
#8 C:\UniServerZ\www\gr02\pokemon v0-0-1\vendor\cakephp\cakephp\src\Console\Shell.php(532): Migrations\Shell\MigrationsShell->main('migrations', 'seed')
#9 C:\UniServerZ\www\gr02\pokemon v0-0-1\vendor\cakephp\migrations\src\Shell\MigrationsShell.php(165): Cake\Console\Shell->runCommand(Array, true, Array)
#10 C:\UniServerZ\www\gr02\pokemon v0-0-1\vendor\cakephp\cakephp\src\Console\CommandRunner.php(384): Migrations\Shell\MigrationsShell->runCommand(Array, true)
#11 C:\UniServerZ\www\gr02\pokemon v0-0-1\vendor\cakephp\cakephp\src\Console\CommandRunner.php(162): Cake\Console\CommandRunner->runShell(Object(Migrations\Shell\MigrationsShell), Array)
#12 C:\UniServerZ\www\gr02\pokemon v0-0-1\bin\cake.php(12): Cake\Console\CommandRunner->run(Array)
#13 {main}


2019-10-11 15:28:02 Error: [PDOException] SQLSTATE[23000]: Integrity constraint violation: 1062 Duplicate entry '1' for key 'PRIMARY' in C:\UniServerZ\www\gr02\pokemon v0-0-1\vendor\robmorgan\phinx\src\Phinx\Db\Adapter\PdoAdapter.php on line 317
Stack Trace:
#0 C:\UniServerZ\www\gr02\pokemon v0-0-1\vendor\robmorgan\phinx\src\Phinx\Db\Adapter\PdoAdapter.php(317): PDOStatement->execute(Array)
#1 C:\UniServerZ\www\gr02\pokemon v0-0-1\vendor\robmorgan\phinx\src\Phinx\Db\Adapter\AdapterWrapper.php(193): Phinx\Db\Adapter\PdoAdapter->bulkinsert(Object(Phinx\Db\Table\Table), Array)
#2 C:\UniServerZ\www\gr02\pokemon v0-0-1\vendor\robmorgan\phinx\src\Phinx\Db\Adapter\TimedOutputAdapter.php(127): Phinx\Db\Adapter\AdapterWrapper->bulkinsert(Object(Phinx\Db\Table\Table), Array)
#3 C:\UniServerZ\www\gr02\pokemon v0-0-1\vendor\robmorgan\phinx\src\Phinx\Db\Adapter\AdapterWrapper.php(193): Phinx\Db\Adapter\TimedOutputAdapter->bulkinsert(Object(Phinx\Db\Table\Table), Array)
#4 C:\UniServerZ\www\gr02\pokemon v0-0-1\vendor\robmorgan\phinx\src\Phinx\Db\Table.php(655): Phinx\Db\Adapter\AdapterWrapper->bulkinsert(Object(Phinx\Db\Table\Table), Array)
#5 C:\UniServerZ\www\gr02\pokemon v0-0-1\vendor\robmorgan\phinx\src\Phinx\Db\Table.php(627): Phinx\Db\Table->saveData()
#6 C:\UniServerZ\www\gr02\pokemon v0-0-1\vendor\robmorgan\phinx\src\Phinx\Db\Table.php(685): Phinx\Db\Table->update()
#7 C:\UniServerZ\www\gr02\pokemon v0-0-1\config\Seeds\TypesSeed.php(79): Phinx\Db\Table->save()
#8 C:\UniServerZ\www\gr02\pokemon v0-0-1\vendor\robmorgan\phinx\src\Phinx\Migration\Manager\Environment.php(158): TypesSeed->run()
#9 C:\UniServerZ\www\gr02\pokemon v0-0-1\vendor\robmorgan\phinx\src\Phinx\Migration\Manager.php(421): Phinx\Migration\Manager\Environment->executeSeed(Object(TypesSeed))
#10 C:\UniServerZ\www\gr02\pokemon v0-0-1\vendor\robmorgan\phinx\src\Phinx\Migration\Manager.php(564): Phinx\Migration\Manager->executeSeed('default', Object(TypesSeed))
#11 C:\UniServerZ\www\gr02\pokemon v0-0-1\vendor\robmorgan\phinx\src\Phinx\Console\Command\SeedRun.php(115): Phinx\Migration\Manager->seed('default', 'TypesSeed')
#12 C:\UniServerZ\www\gr02\pokemon v0-0-1\vendor\cakephp\migrations\src\Command\CommandTrait.php(35): Phinx\Console\Command\SeedRun->execute(Object(Symfony\Component\Console\Input\ArgvInput), Object(Symfony\Component\Console\Output\ConsoleOutput))
#13 C:\UniServerZ\www\gr02\pokemon v0-0-1\vendor\cakephp\migrations\src\Command\Seed.php(72): Migrations\Command\Seed->parentExecute(Object(Symfony\Component\Console\Input\ArgvInput), Object(Symfony\Component\Console\Output\ConsoleOutput))
#14 C:\UniServerZ\www\gr02\pokemon v0-0-1\vendor\symfony\console\Command\Command.php(255): Migrations\Command\Seed->execute(Object(Symfony\Component\Console\Input\ArgvInput), Object(Symfony\Component\Console\Output\ConsoleOutput))
#15 C:\UniServerZ\www\gr02\pokemon v0-0-1\vendor\symfony\console\Application.php(921): Symfony\Component\Console\Command\Command->run(Object(Symfony\Component\Console\Input\ArgvInput), Object(Symfony\Component\Console\Output\ConsoleOutput))
#16 C:\UniServerZ\www\gr02\pokemon v0-0-1\vendor\symfony\console\Application.php(273): Symfony\Component\Console\Application->doRunCommand(Object(Migrations\Command\Seed), Object(Symfony\Component\Console\Input\ArgvInput), Object(Symfony\Component\Console\Output\ConsoleOutput))
#17 C:\UniServerZ\www\gr02\pokemon v0-0-1\vendor\symfony\console\Application.php(149): Symfony\Component\Console\Application->doRun(Object(Symfony\Component\Console\Input\ArgvInput), Object(Symfony\Component\Console\Output\ConsoleOutput))
#18 C:\UniServerZ\www\gr02\pokemon v0-0-1\vendor\cakephp\migrations\src\Shell\MigrationsShell.php(109): Symfony\Component\Console\Application->run(Object(Symfony\Component\Console\Input\ArgvInput), Object(Symfony\Component\Console\Output\ConsoleOutput))
#19 C:\UniServerZ\www\gr02\pokemon v0-0-1\vendor\cakephp\cakephp\src\Console\Shell.php(532): Migrations\Shell\MigrationsShell->main('migrations', 'seed')
#20 C:\UniServerZ\www\gr02\pokemon v0-0-1\vendor\cakephp\migrations\src\Shell\MigrationsShell.php(165): Cake\Console\Shell->runCommand(Array, true, Array)
#21 C:\UniServerZ\www\gr02\pokemon v0-0-1\vendor\cakephp\cakephp\src\Console\CommandRunner.php(384): Migrations\Shell\MigrationsShell->runCommand(Array, true)
#22 C:\UniServerZ\www\gr02\pokemon v0-0-1\vendor\cakephp\cakephp\src\Console\CommandRunner.php(162): Cake\Console\CommandRunner->runShell(Object(Migrations\Shell\MigrationsShell), Array)
#23 C:\UniServerZ\www\gr02\pokemon v0-0-1\bin\cake.php(12): Cake\Console\CommandRunner->run(Array)
#24 {main}


2019-10-11 15:31:07 Error: [InvalidArgumentException] The seed class "attacksSeed" does not exist in C:\UniServerZ\www\gr02\pokemon v0-0-1\vendor\robmorgan\phinx\src\Phinx\Migration\Manager.php on line 566
Stack Trace:
#0 C:\UniServerZ\www\gr02\pokemon v0-0-1\vendor\robmorgan\phinx\src\Phinx\Console\Command\SeedRun.php(115): Phinx\Migration\Manager->seed('default', 'attacksSeed')
#1 C:\UniServerZ\www\gr02\pokemon v0-0-1\vendor\cakephp\migrations\src\Command\CommandTrait.php(35): Phinx\Console\Command\SeedRun->execute(Object(Symfony\Component\Console\Input\ArgvInput), Object(Symfony\Component\Console\Output\ConsoleOutput))
#2 C:\UniServerZ\www\gr02\pokemon v0-0-1\vendor\cakephp\migrations\src\Command\Seed.php(72): Migrations\Command\Seed->parentExecute(Object(Symfony\Component\Console\Input\ArgvInput), Object(Symfony\Component\Console\Output\ConsoleOutput))
#3 C:\UniServerZ\www\gr02\pokemon v0-0-1\vendor\symfony\console\Command\Command.php(255): Migrations\Command\Seed->execute(Object(Symfony\Component\Console\Input\ArgvInput), Object(Symfony\Component\Console\Output\ConsoleOutput))
#4 C:\UniServerZ\www\gr02\pokemon v0-0-1\vendor\symfony\console\Application.php(921): Symfony\Component\Console\Command\Command->run(Object(Symfony\Component\Console\Input\ArgvInput), Object(Symfony\Component\Console\Output\ConsoleOutput))
#5 C:\UniServerZ\www\gr02\pokemon v0-0-1\vendor\symfony\console\Application.php(273): Symfony\Component\Console\Application->doRunCommand(Object(Migrations\Command\Seed), Object(Symfony\Component\Console\Input\ArgvInput), Object(Symfony\Component\Console\Output\ConsoleOutput))
#6 C:\UniServerZ\www\gr02\pokemon v0-0-1\vendor\symfony\console\Application.php(149): Symfony\Component\Console\Application->doRun(Object(Symfony\Component\Console\Input\ArgvInput), Object(Symfony\Component\Console\Output\ConsoleOutput))
#7 C:\UniServerZ\www\gr02\pokemon v0-0-1\vendor\cakephp\migrations\src\Shell\MigrationsShell.php(109): Symfony\Component\Console\Application->run(Object(Symfony\Component\Console\Input\ArgvInput), Object(Symfony\Component\Console\Output\ConsoleOutput))
#8 C:\UniServerZ\www\gr02\pokemon v0-0-1\vendor\cakephp\cakephp\src\Console\Shell.php(532): Migrations\Shell\MigrationsShell->main('migrations', 'seed')
#9 C:\UniServerZ\www\gr02\pokemon v0-0-1\vendor\cakephp\migrations\src\Shell\MigrationsShell.php(165): Cake\Console\Shell->runCommand(Array, true, Array)
#10 C:\UniServerZ\www\gr02\pokemon v0-0-1\vendor\cakephp\cakephp\src\Console\CommandRunner.php(384): Migrations\Shell\MigrationsShell->runCommand(Array, true)
#11 C:\UniServerZ\www\gr02\pokemon v0-0-1\vendor\cakephp\cakephp\src\Console\CommandRunner.php(162): Cake\Console\CommandRunner->runShell(Object(Migrations\Shell\MigrationsShell), Array)
#12 C:\UniServerZ\www\gr02\pokemon v0-0-1\bin\cake.php(12): Cake\Console\CommandRunner->run(Array)
#13 {main}


2019-10-11 15:33:05 Error: [InvalidArgumentException] The seed class "Files" does not exist in C:\UniServerZ\www\gr02\pokemon v0-0-1\vendor\robmorgan\phinx\src\Phinx\Migration\Manager.php on line 566
Stack Trace:
#0 C:\UniServerZ\www\gr02\pokemon v0-0-1\vendor\robmorgan\phinx\src\Phinx\Console\Command\SeedRun.php(115): Phinx\Migration\Manager->seed('default', 'Files')
#1 C:\UniServerZ\www\gr02\pokemon v0-0-1\vendor\cakephp\migrations\src\Command\CommandTrait.php(35): Phinx\Console\Command\SeedRun->execute(Object(Symfony\Component\Console\Input\ArgvInput), Object(Symfony\Component\Console\Output\ConsoleOutput))
#2 C:\UniServerZ\www\gr02\pokemon v0-0-1\vendor\cakephp\migrations\src\Command\Seed.php(72): Migrations\Command\Seed->parentExecute(Object(Symfony\Component\Console\Input\ArgvInput), Object(Symfony\Component\Console\Output\ConsoleOutput))
#3 C:\UniServerZ\www\gr02\pokemon v0-0-1\vendor\symfony\console\Command\Command.php(255): Migrations\Command\Seed->execute(Object(Symfony\Component\Console\Input\ArgvInput), Object(Symfony\Component\Console\Output\ConsoleOutput))
#4 C:\UniServerZ\www\gr02\pokemon v0-0-1\vendor\symfony\console\Application.php(921): Symfony\Component\Console\Command\Command->run(Object(Symfony\Component\Console\Input\ArgvInput), Object(Symfony\Component\Console\Output\ConsoleOutput))
#5 C:\UniServerZ\www\gr02\pokemon v0-0-1\vendor\symfony\console\Application.php(273): Symfony\Component\Console\Application->doRunCommand(Object(Migrations\Command\Seed), Object(Symfony\Component\Console\Input\ArgvInput), Object(Symfony\Component\Console\Output\ConsoleOutput))
#6 C:\UniServerZ\www\gr02\pokemon v0-0-1\vendor\symfony\console\Application.php(149): Symfony\Component\Console\Application->doRun(Object(Symfony\Component\Console\Input\ArgvInput), Object(Symfony\Component\Console\Output\ConsoleOutput))
#7 C:\UniServerZ\www\gr02\pokemon v0-0-1\vendor\cakephp\migrations\src\Shell\MigrationsShell.php(109): Symfony\Component\Console\Application->run(Object(Symfony\Component\Console\Input\ArgvInput), Object(Symfony\Component\Console\Output\ConsoleOutput))
#8 C:\UniServerZ\www\gr02\pokemon v0-0-1\vendor\cakephp\cakephp\src\Console\Shell.php(532): Migrations\Shell\MigrationsShell->main('migrations', 'seed')
#9 C:\UniServerZ\www\gr02\pokemon v0-0-1\vendor\cakephp\migrations\src\Shell\MigrationsShell.php(165): Cake\Console\Shell->runCommand(Array, true, Array)
#10 C:\UniServerZ\www\gr02\pokemon v0-0-1\vendor\cakephp\cakephp\src\Console\CommandRunner.php(384): Migrations\Shell\MigrationsShell->runCommand(Array, true)
#11 C:\UniServerZ\www\gr02\pokemon v0-0-1\vendor\cakephp\cakephp\src\Console\CommandRunner.php(162): Cake\Console\CommandRunner->runShell(Object(Migrations\Shell\MigrationsShell), Array)
#12 C:\UniServerZ\www\gr02\pokemon v0-0-1\bin\cake.php(12): Cake\Console\CommandRunner->run(Array)
#13 {main}


