2019-09-09 14:44:37 Notice: Notice (1024): Please change the value of 'Security.salt' in ROOT/config/app.php to a salt value specific to your application. in [C:\UniServerZ\www\gr02\pokemon v0-0-1\vendor\cakephp\cakephp\src\Error\Debugger.php, line 963]
Request URL: /
Referer URL: http://localhost/gr02/
Trace:
Cake\Error\BaseErrorHandler::handleError() - CORE\src\Error\BaseErrorHandler.php, line 159
Cake\Core\BasePlugin::{closure}() - ROOT\vendor\cakephp\debug_kit\config\bootstrap.php, line 42
Cake\Error\Debugger::checkSecurityKeys() - CORE\src\Error\Debugger.php, line 963
include - APP/Template\Pages\home.ctp, line 70
Cake\View\View::_evaluate() - CORE\src\View\View.php, line 1419
Cake\View\View::_render() - CORE\src\View\View.php, line 1380
Cake\View\View::render() - CORE\src\View\View.php, line 880
Cake\Controller\Controller::render() - CORE\src\Controller\Controller.php, line 796
App\Controller\PagesController::display() - APP/Controller\PagesController.php, line 61
Cake\Controller\Controller::invokeAction() - CORE\src\Controller\Controller.php, line 610
Cake\Http\ActionDispatcher::_invoke() - CORE\src\Http\ActionDispatcher.php, line 120
Cake\Http\ActionDispatcher::dispatch() - CORE\src\Http\ActionDispatcher.php, line 94
Cake\Http\BaseApplication::__invoke() - CORE\src\Http\BaseApplication.php, line 235
Cake\Http\Runner::__invoke() - CORE\src\Http\Runner.php, line 65
Cake\Http\Runner::__invoke() - CORE\src\Http\Runner.php, line 65
Cake\Http\Middleware\CsrfProtectionMiddleware::__invoke() - CORE\src\Http\Middleware\CsrfProtectionMiddleware.php, line 119
Cake\Http\Runner::__invoke() - CORE\src\Http\Runner.php, line 65
Cake\Http\Runner::run() - CORE\src\Http\Runner.php, line 51
Cake\Routing\Middleware\RoutingMiddleware::__invoke() - CORE\src\Routing\Middleware\RoutingMiddleware.php, line 168
Cake\Http\Runner::__invoke() - CORE\src\Http\Runner.php, line 65
Cake\Routing\Middleware\AssetMiddleware::__invoke() - CORE\src\Routing\Middleware\AssetMiddleware.php, line 88
Cake\Http\Runner::__invoke() - CORE\src\Http\Runner.php, line 65
Cake\Error\Middleware\ErrorHandlerMiddleware::__invoke() - CORE\src\Error\Middleware\ErrorHandlerMiddleware.php, line 96
Cake\Http\Runner::__invoke() - CORE\src\Http\Runner.php, line 65
DebugKit\Middleware\DebugKitMiddleware::__invoke() - ROOT\vendor\cakephp\debug_kit\src\Middleware\DebugKitMiddleware.php, line 53
Cake\Http\Runner::__invoke() - CORE\src\Http\Runner.php, line 65
Cake\Http\Runner::run() - CORE\src\Http\Runner.php, line 51
Cake\Http\Server::run() - CORE\src\Http\Server.php, line 98
[main] - ROOT\webroot\index.php, line 40



2019-09-09 15:10:00 Notice: Notice (1024): Please change the value of 'Security.salt' in ROOT/config/app.php to a salt value specific to your application. in [C:\UniServerZ\www\gr02\pokemon v0-0-1\vendor\cakephp\cakephp\src\Error\Debugger.php, line 963]
Request URL: /
Referer URL: http://localhost/gr02/
Trace:
Cake\Error\BaseErrorHandler::handleError() - CORE\src\Error\BaseErrorHandler.php, line 159
Cake\Core\BasePlugin::{closure}() - ROOT\vendor\cakephp\debug_kit\config\bootstrap.php, line 42
Cake\Error\Debugger::checkSecurityKeys() - CORE\src\Error\Debugger.php, line 963
include - APP/Template\Pages\home.ctp, line 70
Cake\View\View::_evaluate() - CORE\src\View\View.php, line 1419
Cake\View\View::_render() - CORE\src\View\View.php, line 1380
Cake\View\View::render() - CORE\src\View\View.php, line 880
Cake\Controller\Controller::render() - CORE\src\Controller\Controller.php, line 796
App\Controller\PagesController::display() - APP/Controller\PagesController.php, line 61
Cake\Controller\Controller::invokeAction() - CORE\src\Controller\Controller.php, line 610
Cake\Http\ActionDispatcher::_invoke() - CORE\src\Http\ActionDispatcher.php, line 120
Cake\Http\ActionDispatcher::dispatch() - CORE\src\Http\ActionDispatcher.php, line 94
Cake\Http\BaseApplication::__invoke() - CORE\src\Http\BaseApplication.php, line 235
Cake\Http\Runner::__invoke() - CORE\src\Http\Runner.php, line 65
Cake\Http\Runner::__invoke() - CORE\src\Http\Runner.php, line 65
Cake\Http\Middleware\CsrfProtectionMiddleware::__invoke() - CORE\src\Http\Middleware\CsrfProtectionMiddleware.php, line 123
Cake\Http\Runner::__invoke() - CORE\src\Http\Runner.php, line 65
Cake\Http\Runner::run() - CORE\src\Http\Runner.php, line 51
Cake\Routing\Middleware\RoutingMiddleware::__invoke() - CORE\src\Routing\Middleware\RoutingMiddleware.php, line 168
Cake\Http\Runner::__invoke() - CORE\src\Http\Runner.php, line 65
Cake\Routing\Middleware\AssetMiddleware::__invoke() - CORE\src\Routing\Middleware\AssetMiddleware.php, line 88
Cake\Http\Runner::__invoke() - CORE\src\Http\Runner.php, line 65
Cake\Error\Middleware\ErrorHandlerMiddleware::__invoke() - CORE\src\Error\Middleware\ErrorHandlerMiddleware.php, line 96
Cake\Http\Runner::__invoke() - CORE\src\Http\Runner.php, line 65
DebugKit\Middleware\DebugKitMiddleware::__invoke() - ROOT\vendor\cakephp\debug_kit\src\Middleware\DebugKitMiddleware.php, line 53
Cake\Http\Runner::__invoke() - CORE\src\Http\Runner.php, line 65
Cake\Http\Runner::run() - CORE\src\Http\Runner.php, line 51
Cake\Http\Server::run() - CORE\src\Http\Server.php, line 98
[main] - ROOT\webroot\index.php, line 40



2019-09-09 15:22:25 Notice: Notice (1024): Please change the value of 'Security.salt' in ROOT/config/app.php to a salt value specific to your application. in [C:\UniServerZ\www\gr02\pokemon v0-0-1\vendor\cakephp\cakephp\src\Error\Debugger.php, line 963]
Request URL: /
Referer URL: http://localhost/gr02/pokemon%20v0-0-1/users/login
Trace:
Cake\Error\BaseErrorHandler::handleError() - CORE\src\Error\BaseErrorHandler.php, line 159
Cake\Core\BasePlugin::{closure}() - ROOT\vendor\cakephp\debug_kit\config\bootstrap.php, line 42
Cake\Error\Debugger::checkSecurityKeys() - CORE\src\Error\Debugger.php, line 963
include - APP/Template\Pages\home.ctp, line 70
Cake\View\View::_evaluate() - CORE\src\View\View.php, line 1419
Cake\View\View::_render() - CORE\src\View\View.php, line 1380
Cake\View\View::render() - CORE\src\View\View.php, line 880
Cake\Controller\Controller::render() - CORE\src\Controller\Controller.php, line 796
App\Controller\PagesController::display() - APP/Controller\PagesController.php, line 61
Cake\Controller\Controller::invokeAction() - CORE\src\Controller\Controller.php, line 610
Cake\Http\ActionDispatcher::_invoke() - CORE\src\Http\ActionDispatcher.php, line 120
Cake\Http\ActionDispatcher::dispatch() - CORE\src\Http\ActionDispatcher.php, line 94
Cake\Http\BaseApplication::__invoke() - CORE\src\Http\BaseApplication.php, line 235
Cake\Http\Runner::__invoke() - CORE\src\Http\Runner.php, line 65
Cake\Http\Runner::__invoke() - CORE\src\Http\Runner.php, line 65
Cake\Http\Middleware\CsrfProtectionMiddleware::__invoke() - CORE\src\Http\Middleware\CsrfProtectionMiddleware.php, line 123
Cake\Http\Runner::__invoke() - CORE\src\Http\Runner.php, line 65
Cake\Http\Runner::run() - CORE\src\Http\Runner.php, line 51
Cake\Routing\Middleware\RoutingMiddleware::__invoke() - CORE\src\Routing\Middleware\RoutingMiddleware.php, line 168
Cake\Http\Runner::__invoke() - CORE\src\Http\Runner.php, line 65
Cake\Routing\Middleware\AssetMiddleware::__invoke() - CORE\src\Routing\Middleware\AssetMiddleware.php, line 88
Cake\Http\Runner::__invoke() - CORE\src\Http\Runner.php, line 65
Cake\Error\Middleware\ErrorHandlerMiddleware::__invoke() - CORE\src\Error\Middleware\ErrorHandlerMiddleware.php, line 96
Cake\Http\Runner::__invoke() - CORE\src\Http\Runner.php, line 65
DebugKit\Middleware\DebugKitMiddleware::__invoke() - ROOT\vendor\cakephp\debug_kit\src\Middleware\DebugKitMiddleware.php, line 53
Cake\Http\Runner::__invoke() - CORE\src\Http\Runner.php, line 65
Cake\Http\Runner::run() - CORE\src\Http\Runner.php, line 51
Cake\Http\Server::run() - CORE\src\Http\Server.php, line 98
[main] - ROOT\webroot\index.php, line 40



2019-09-09 15:29:19 Notice: Notice (1024): Please change the value of 'Security.salt' in ROOT/config/app.php to a salt value specific to your application. in [C:\UniServerZ\www\gr02\pokemon v0-0-1\vendor\cakephp\cakephp\src\Error\Debugger.php, line 963]
Request URL: /
Referer URL: http://localhost/gr02/pokemon%20v0-0-1/users/login
Trace:
Cake\Error\BaseErrorHandler::handleError() - CORE\src\Error\BaseErrorHandler.php, line 159
Cake\Core\BasePlugin::{closure}() - ROOT\vendor\cakephp\debug_kit\config\bootstrap.php, line 42
Cake\Error\Debugger::checkSecurityKeys() - CORE\src\Error\Debugger.php, line 963
include - APP/Template\Pages\home.ctp, line 70
Cake\View\View::_evaluate() - CORE\src\View\View.php, line 1419
Cake\View\View::_render() - CORE\src\View\View.php, line 1380
Cake\View\View::render() - CORE\src\View\View.php, line 880
Cake\Controller\Controller::render() - CORE\src\Controller\Controller.php, line 796
App\Controller\PagesController::display() - APP/Controller\PagesController.php, line 61
Cake\Controller\Controller::invokeAction() - CORE\src\Controller\Controller.php, line 610
Cake\Http\ActionDispatcher::_invoke() - CORE\src\Http\ActionDispatcher.php, line 120
Cake\Http\ActionDispatcher::dispatch() - CORE\src\Http\ActionDispatcher.php, line 94
Cake\Http\BaseApplication::__invoke() - CORE\src\Http\BaseApplication.php, line 235
Cake\Http\Runner::__invoke() - CORE\src\Http\Runner.php, line 65
Cake\Http\Runner::__invoke() - CORE\src\Http\Runner.php, line 65
Cake\Http\Middleware\CsrfProtectionMiddleware::__invoke() - CORE\src\Http\Middleware\CsrfProtectionMiddleware.php, line 123
Cake\Http\Runner::__invoke() - CORE\src\Http\Runner.php, line 65
Cake\Http\Runner::run() - CORE\src\Http\Runner.php, line 51
Cake\Routing\Middleware\RoutingMiddleware::__invoke() - CORE\src\Routing\Middleware\RoutingMiddleware.php, line 168
Cake\Http\Runner::__invoke() - CORE\src\Http\Runner.php, line 65
Cake\Routing\Middleware\AssetMiddleware::__invoke() - CORE\src\Routing\Middleware\AssetMiddleware.php, line 88
Cake\Http\Runner::__invoke() - CORE\src\Http\Runner.php, line 65
Cake\Error\Middleware\ErrorHandlerMiddleware::__invoke() - CORE\src\Error\Middleware\ErrorHandlerMiddleware.php, line 96
Cake\Http\Runner::__invoke() - CORE\src\Http\Runner.php, line 65
DebugKit\Middleware\DebugKitMiddleware::__invoke() - ROOT\vendor\cakephp\debug_kit\src\Middleware\DebugKitMiddleware.php, line 53
Cake\Http\Runner::__invoke() - CORE\src\Http\Runner.php, line 65
Cake\Http\Runner::run() - CORE\src\Http\Runner.php, line 51
Cake\Http\Server::run() - CORE\src\Http\Server.php, line 98
[main] - ROOT\webroot\index.php, line 40



2019-09-09 15:31:33 Notice: Notice (1024): Please change the value of 'Security.salt' in ROOT/config/app.php to a salt value specific to your application. in [C:\UniServerZ\www\gr02\pokemon v0-0-1\vendor\cakephp\cakephp\src\Error\Debugger.php, line 963]
Request URL: /
Referer URL: http://localhost/gr02/
Trace:
Cake\Error\BaseErrorHandler::handleError() - CORE\src\Error\BaseErrorHandler.php, line 159
Cake\Core\BasePlugin::{closure}() - ROOT\vendor\cakephp\debug_kit\config\bootstrap.php, line 42
Cake\Error\Debugger::checkSecurityKeys() - CORE\src\Error\Debugger.php, line 963
include - APP/Template\Pages\home.ctp, line 70
Cake\View\View::_evaluate() - CORE\src\View\View.php, line 1419
Cake\View\View::_render() - CORE\src\View\View.php, line 1380
Cake\View\View::render() - CORE\src\View\View.php, line 880
Cake\Controller\Controller::render() - CORE\src\Controller\Controller.php, line 796
App\Controller\PagesController::display() - APP/Controller\PagesController.php, line 61
Cake\Controller\Controller::invokeAction() - CORE\src\Controller\Controller.php, line 610
Cake\Http\ActionDispatcher::_invoke() - CORE\src\Http\ActionDispatcher.php, line 120
Cake\Http\ActionDispatcher::dispatch() - CORE\src\Http\ActionDispatcher.php, line 94
Cake\Http\BaseApplication::__invoke() - CORE\src\Http\BaseApplication.php, line 235
Cake\Http\Runner::__invoke() - CORE\src\Http\Runner.php, line 65
Cake\Http\Runner::__invoke() - CORE\src\Http\Runner.php, line 65
Cake\Http\Middleware\CsrfProtectionMiddleware::__invoke() - CORE\src\Http\Middleware\CsrfProtectionMiddleware.php, line 123
Cake\Http\Runner::__invoke() - CORE\src\Http\Runner.php, line 65
Cake\Http\Runner::run() - CORE\src\Http\Runner.php, line 51
Cake\Routing\Middleware\RoutingMiddleware::__invoke() - CORE\src\Routing\Middleware\RoutingMiddleware.php, line 168
Cake\Http\Runner::__invoke() - CORE\src\Http\Runner.php, line 65
Cake\Routing\Middleware\AssetMiddleware::__invoke() - CORE\src\Routing\Middleware\AssetMiddleware.php, line 88
Cake\Http\Runner::__invoke() - CORE\src\Http\Runner.php, line 65
Cake\Error\Middleware\ErrorHandlerMiddleware::__invoke() - CORE\src\Error\Middleware\ErrorHandlerMiddleware.php, line 96
Cake\Http\Runner::__invoke() - CORE\src\Http\Runner.php, line 65
DebugKit\Middleware\DebugKitMiddleware::__invoke() - ROOT\vendor\cakephp\debug_kit\src\Middleware\DebugKitMiddleware.php, line 53
Cake\Http\Runner::__invoke() - CORE\src\Http\Runner.php, line 65
Cake\Http\Runner::run() - CORE\src\Http\Runner.php, line 51
Cake\Http\Server::run() - CORE\src\Http\Server.php, line 98
[main] - ROOT\webroot\index.php, line 40



2019-09-11 19:00:50 Notice: Notice (1024): Please change the value of 'Security.salt' in ROOT/config/app.php to a salt value specific to your application. in [C:\UniServerZ\www\gr02\pokemon v0-0-1\vendor\cakephp\cakephp\src\Error\Debugger.php, line 963]
Request URL: /
Referer URL: http://localhost/gr02/
Trace:
Cake\Error\BaseErrorHandler::handleError() - CORE\src\Error\BaseErrorHandler.php, line 159
Cake\Core\BasePlugin::{closure}() - ROOT\vendor\cakephp\debug_kit\config\bootstrap.php, line 42
Cake\Error\Debugger::checkSecurityKeys() - CORE\src\Error\Debugger.php, line 963
include - APP/Template\Pages\home.ctp, line 70
Cake\View\View::_evaluate() - CORE\src\View\View.php, line 1419
Cake\View\View::_render() - CORE\src\View\View.php, line 1380
Cake\View\View::render() - CORE\src\View\View.php, line 880
Cake\Controller\Controller::render() - CORE\src\Controller\Controller.php, line 796
App\Controller\PagesController::display() - APP/Controller\PagesController.php, line 61
Cake\Controller\Controller::invokeAction() - CORE\src\Controller\Controller.php, line 610
Cake\Http\ActionDispatcher::_invoke() - CORE\src\Http\ActionDispatcher.php, line 120
Cake\Http\ActionDispatcher::dispatch() - CORE\src\Http\ActionDispatcher.php, line 94
Cake\Http\BaseApplication::__invoke() - CORE\src\Http\BaseApplication.php, line 235
Cake\Http\Runner::__invoke() - CORE\src\Http\Runner.php, line 65
Cake\Http\Runner::__invoke() - CORE\src\Http\Runner.php, line 65
Cake\Http\Middleware\CsrfProtectionMiddleware::__invoke() - CORE\src\Http\Middleware\CsrfProtectionMiddleware.php, line 119
Cake\Http\Runner::__invoke() - CORE\src\Http\Runner.php, line 65
Cake\Http\Runner::run() - CORE\src\Http\Runner.php, line 51
Cake\Routing\Middleware\RoutingMiddleware::__invoke() - CORE\src\Routing\Middleware\RoutingMiddleware.php, line 168
Cake\Http\Runner::__invoke() - CORE\src\Http\Runner.php, line 65
Cake\Routing\Middleware\AssetMiddleware::__invoke() - CORE\src\Routing\Middleware\AssetMiddleware.php, line 88
Cake\Http\Runner::__invoke() - CORE\src\Http\Runner.php, line 65
Cake\Error\Middleware\ErrorHandlerMiddleware::__invoke() - CORE\src\Error\Middleware\ErrorHandlerMiddleware.php, line 96
Cake\Http\Runner::__invoke() - CORE\src\Http\Runner.php, line 65
DebugKit\Middleware\DebugKitMiddleware::__invoke() - ROOT\vendor\cakephp\debug_kit\src\Middleware\DebugKitMiddleware.php, line 53
Cake\Http\Runner::__invoke() - CORE\src\Http\Runner.php, line 65
Cake\Http\Runner::run() - CORE\src\Http\Runner.php, line 51
Cake\Http\Server::run() - CORE\src\Http\Server.php, line 98
[main] - ROOT\webroot\index.php, line 40



2019-09-13 15:28:24 Notice: Notice (1024): Please change the value of 'Security.salt' in ROOT/config/app.php to a salt value specific to your application. in [C:\UniServerZ\www\gr02\pokemon v0-0-1\vendor\cakephp\cakephp\src\Error\Debugger.php, line 963]
Request URL: /
Referer URL: http://localhost/gr02/
Trace:
Cake\Error\BaseErrorHandler::handleError() - CORE\src\Error\BaseErrorHandler.php, line 159
Cake\Core\BasePlugin::{closure}() - ROOT\vendor\cakephp\debug_kit\config\bootstrap.php, line 42
Cake\Error\Debugger::checkSecurityKeys() - CORE\src\Error\Debugger.php, line 963
include - APP/Template\Pages\home.ctp, line 70
Cake\View\View::_evaluate() - CORE\src\View\View.php, line 1419
Cake\View\View::_render() - CORE\src\View\View.php, line 1380
Cake\View\View::render() - CORE\src\View\View.php, line 880
Cake\Controller\Controller::render() - CORE\src\Controller\Controller.php, line 796
App\Controller\PagesController::display() - APP/Controller\PagesController.php, line 61
Cake\Controller\Controller::invokeAction() - CORE\src\Controller\Controller.php, line 610
Cake\Http\ActionDispatcher::_invoke() - CORE\src\Http\ActionDispatcher.php, line 120
Cake\Http\ActionDispatcher::dispatch() - CORE\src\Http\ActionDispatcher.php, line 94
Cake\Http\BaseApplication::__invoke() - CORE\src\Http\BaseApplication.php, line 235
Cake\Http\Runner::__invoke() - CORE\src\Http\Runner.php, line 65
Cake\Http\Runner::__invoke() - CORE\src\Http\Runner.php, line 65
Cake\Http\Middleware\CsrfProtectionMiddleware::__invoke() - CORE\src\Http\Middleware\CsrfProtectionMiddleware.php, line 119
Cake\Http\Runner::__invoke() - CORE\src\Http\Runner.php, line 65
Cake\Http\Runner::run() - CORE\src\Http\Runner.php, line 51
Cake\Routing\Middleware\RoutingMiddleware::__invoke() - CORE\src\Routing\Middleware\RoutingMiddleware.php, line 168
Cake\Http\Runner::__invoke() - CORE\src\Http\Runner.php, line 65
Cake\Routing\Middleware\AssetMiddleware::__invoke() - CORE\src\Routing\Middleware\AssetMiddleware.php, line 88
Cake\Http\Runner::__invoke() - CORE\src\Http\Runner.php, line 65
Cake\Error\Middleware\ErrorHandlerMiddleware::__invoke() - CORE\src\Error\Middleware\ErrorHandlerMiddleware.php, line 96
Cake\Http\Runner::__invoke() - CORE\src\Http\Runner.php, line 65
DebugKit\Middleware\DebugKitMiddleware::__invoke() - ROOT\vendor\cakephp\debug_kit\src\Middleware\DebugKitMiddleware.php, line 53
Cake\Http\Runner::__invoke() - CORE\src\Http\Runner.php, line 65
Cake\Http\Runner::run() - CORE\src\Http\Runner.php, line 51
Cake\Http\Server::run() - CORE\src\Http\Server.php, line 98
[main] - ROOT\webroot\index.php, line 40



2019-09-13 15:34:25 Notice: Notice (1024): Please change the value of 'Security.salt' in ROOT/config/app.php to a salt value specific to your application. in [C:\UniServerZ\www\gr02\pokemon v0-0-1\vendor\cakephp\cakephp\src\Error\Debugger.php, line 963]
Request URL: /
Referer URL: http://localhost/gr02/
Trace:
Cake\Error\BaseErrorHandler::handleError() - CORE\src\Error\BaseErrorHandler.php, line 159
Cake\Core\BasePlugin::{closure}() - ROOT\vendor\cakephp\debug_kit\config\bootstrap.php, line 42
Cake\Error\Debugger::checkSecurityKeys() - CORE\src\Error\Debugger.php, line 963
include - APP/Template\Pages\home.ctp, line 70
Cake\View\View::_evaluate() - CORE\src\View\View.php, line 1419
Cake\View\View::_render() - CORE\src\View\View.php, line 1380
Cake\View\View::render() - CORE\src\View\View.php, line 880
Cake\Controller\Controller::render() - CORE\src\Controller\Controller.php, line 796
App\Controller\PagesController::display() - APP/Controller\PagesController.php, line 61
Cake\Controller\Controller::invokeAction() - CORE\src\Controller\Controller.php, line 610
Cake\Http\ActionDispatcher::_invoke() - CORE\src\Http\ActionDispatcher.php, line 120
Cake\Http\ActionDispatcher::dispatch() - CORE\src\Http\ActionDispatcher.php, line 94
Cake\Http\BaseApplication::__invoke() - CORE\src\Http\BaseApplication.php, line 235
Cake\Http\Runner::__invoke() - CORE\src\Http\Runner.php, line 65
Cake\Http\Runner::__invoke() - CORE\src\Http\Runner.php, line 65
Cake\Http\Middleware\CsrfProtectionMiddleware::__invoke() - CORE\src\Http\Middleware\CsrfProtectionMiddleware.php, line 123
Cake\Http\Runner::__invoke() - CORE\src\Http\Runner.php, line 65
Cake\Http\Runner::run() - CORE\src\Http\Runner.php, line 51
Cake\Routing\Middleware\RoutingMiddleware::__invoke() - CORE\src\Routing\Middleware\RoutingMiddleware.php, line 168
Cake\Http\Runner::__invoke() - CORE\src\Http\Runner.php, line 65
Cake\Routing\Middleware\AssetMiddleware::__invoke() - CORE\src\Routing\Middleware\AssetMiddleware.php, line 88
Cake\Http\Runner::__invoke() - CORE\src\Http\Runner.php, line 65
Cake\Error\Middleware\ErrorHandlerMiddleware::__invoke() - CORE\src\Error\Middleware\ErrorHandlerMiddleware.php, line 96
Cake\Http\Runner::__invoke() - CORE\src\Http\Runner.php, line 65
DebugKit\Middleware\DebugKitMiddleware::__invoke() - ROOT\vendor\cakephp\debug_kit\src\Middleware\DebugKitMiddleware.php, line 53
Cake\Http\Runner::__invoke() - CORE\src\Http\Runner.php, line 65
Cake\Http\Runner::run() - CORE\src\Http\Runner.php, line 51
Cake\Http\Server::run() - CORE\src\Http\Server.php, line 98
[main] - ROOT\webroot\index.php, line 40



2019-09-16 13:19:20 Notice: Notice (1024): Please change the value of 'Security.salt' in ROOT/config/app.php to a salt value specific to your application. in [C:\UniServerZ\www\gr02\pokemon v0-0-1\vendor\cakephp\cakephp\src\Error\Debugger.php, line 963]
Request URL: /
Referer URL: http://localhost/gr02/
Trace:
Cake\Error\BaseErrorHandler::handleError() - CORE\src\Error\BaseErrorHandler.php, line 159
Cake\Core\BasePlugin::{closure}() - ROOT\vendor\cakephp\debug_kit\config\bootstrap.php, line 42
Cake\Error\Debugger::checkSecurityKeys() - CORE\src\Error\Debugger.php, line 963
include - APP/Template\Pages\home.ctp, line 70
Cake\View\View::_evaluate() - CORE\src\View\View.php, line 1419
Cake\View\View::_render() - CORE\src\View\View.php, line 1380
Cake\View\View::render() - CORE\src\View\View.php, line 880
Cake\Controller\Controller::render() - CORE\src\Controller\Controller.php, line 796
App\Controller\PagesController::display() - APP/Controller\PagesController.php, line 61
Cake\Controller\Controller::invokeAction() - CORE\src\Controller\Controller.php, line 610
Cake\Http\ActionDispatcher::_invoke() - CORE\src\Http\ActionDispatcher.php, line 120
Cake\Http\ActionDispatcher::dispatch() - CORE\src\Http\ActionDispatcher.php, line 94
Cake\Http\BaseApplication::__invoke() - CORE\src\Http\BaseApplication.php, line 235
Cake\Http\Runner::__invoke() - CORE\src\Http\Runner.php, line 65
Cake\Http\Runner::__invoke() - CORE\src\Http\Runner.php, line 65
Cake\Http\Middleware\CsrfProtectionMiddleware::__invoke() - CORE\src\Http\Middleware\CsrfProtectionMiddleware.php, line 119
Cake\Http\Runner::__invoke() - CORE\src\Http\Runner.php, line 65
Cake\Http\Runner::run() - CORE\src\Http\Runner.php, line 51
Cake\Routing\Middleware\RoutingMiddleware::__invoke() - CORE\src\Routing\Middleware\RoutingMiddleware.php, line 168
Cake\Http\Runner::__invoke() - CORE\src\Http\Runner.php, line 65
Cake\Routing\Middleware\AssetMiddleware::__invoke() - CORE\src\Routing\Middleware\AssetMiddleware.php, line 88
Cake\Http\Runner::__invoke() - CORE\src\Http\Runner.php, line 65
Cake\Error\Middleware\ErrorHandlerMiddleware::__invoke() - CORE\src\Error\Middleware\ErrorHandlerMiddleware.php, line 96
Cake\Http\Runner::__invoke() - CORE\src\Http\Runner.php, line 65
DebugKit\Middleware\DebugKitMiddleware::__invoke() - ROOT\vendor\cakephp\debug_kit\src\Middleware\DebugKitMiddleware.php, line 53
Cake\Http\Runner::__invoke() - CORE\src\Http\Runner.php, line 65
Cake\Http\Runner::run() - CORE\src\Http\Runner.php, line 51
Cake\Http\Server::run() - CORE\src\Http\Server.php, line 98
[main] - ROOT\webroot\index.php, line 40



2019-09-16 15:16:22 Notice: Notice (8): Undefined variable: files in [C:\UniServerZ\www\gr02\pokemon v0-0-1\src\Template\Pokemon\add.ctp, line 29]
Request URL: /pokemon/add
Referer URL: http://localhost/gr02/pokemon%20v0-0-1/users
Trace:
Cake\Error\BaseErrorHandler::handleError() - CORE\src\Error\BaseErrorHandler.php, line 159
Cake\Core\BasePlugin::{closure}() - ROOT\vendor\cakephp\debug_kit\config\bootstrap.php, line 42
include - APP/Template\Pokemon\add.ctp, line 29
Cake\View\View::_evaluate() - CORE\src\View\View.php, line 1419
Cake\View\View::_render() - CORE\src\View\View.php, line 1380
Cake\View\View::render() - CORE\src\View\View.php, line 880
Cake\Controller\Controller::render() - CORE\src\Controller\Controller.php, line 796
Cake\Http\ActionDispatcher::_invoke() - CORE\src\Http\ActionDispatcher.php, line 126
Cake\Http\ActionDispatcher::dispatch() - CORE\src\Http\ActionDispatcher.php, line 94
Cake\Http\BaseApplication::__invoke() - CORE\src\Http\BaseApplication.php, line 235
Cake\Http\Runner::__invoke() - CORE\src\Http\Runner.php, line 65
Cake\Http\Runner::__invoke() - CORE\src\Http\Runner.php, line 65
Cake\Http\Middleware\CsrfProtectionMiddleware::__invoke() - CORE\src\Http\Middleware\CsrfProtectionMiddleware.php, line 123
Cake\Http\Runner::__invoke() - CORE\src\Http\Runner.php, line 65
Cake\Http\Runner::run() - CORE\src\Http\Runner.php, line 51
Cake\Routing\Middleware\RoutingMiddleware::__invoke() - CORE\src\Routing\Middleware\RoutingMiddleware.php, line 168
Cake\Http\Runner::__invoke() - CORE\src\Http\Runner.php, line 65
Cake\Routing\Middleware\AssetMiddleware::__invoke() - CORE\src\Routing\Middleware\AssetMiddleware.php, line 88
Cake\Http\Runner::__invoke() - CORE\src\Http\Runner.php, line 65
Cake\Error\Middleware\ErrorHandlerMiddleware::__invoke() - CORE\src\Error\Middleware\ErrorHandlerMiddleware.php, line 96
Cake\Http\Runner::__invoke() - CORE\src\Http\Runner.php, line 65
DebugKit\Middleware\DebugKitMiddleware::__invoke() - ROOT\vendor\cakephp\debug_kit\src\Middleware\DebugKitMiddleware.php, line 53
Cake\Http\Runner::__invoke() - CORE\src\Http\Runner.php, line 65
Cake\Http\Runner::run() - CORE\src\Http\Runner.php, line 51
Cake\Http\Server::run() - CORE\src\Http\Server.php, line 98
[main] - ROOT\webroot\index.php, line 40



2019-09-16 15:16:22 Notice: Deprecated (16384): ServerRequest::session() is deprecated. Use getSession() instead. The setter part will be removed. - C:\UniServerZ\www\gr02\pokemon v0-0-1\src\Template\Layout\default.ctp, line: 47
 You can disable deprecation warnings by setting `Error.errorLevel` to `E_ALL & ~E_USER_DEPRECATED` in your config/app.php. in [C:\UniServerZ\www\gr02\pokemon v0-0-1\vendor\cakephp\cakephp\src\Core\functions.php, line 311]
Request URL: /pokemon/add
Referer URL: http://localhost/gr02/pokemon%20v0-0-1/users
Trace:
Cake\Error\BaseErrorHandler::handleError() - CORE\src\Error\BaseErrorHandler.php, line 159
deprecationWarning - CORE\src\Core\functions.php, line 311
Cake\Http\ServerRequest::session() - CORE\src\Http\ServerRequest.php, line 570
include - APP/Template\Layout\default.ctp, line 47
Cake\View\View::_evaluate() - CORE\src\View\View.php, line 1419
Cake\View\View::_render() - CORE\src\View\View.php, line 1380
Cake\View\View::renderLayout() - CORE\src\View\View.php, line 927
Cake\View\View::render() - CORE\src\View\View.php, line 885
Cake\Controller\Controller::render() - CORE\src\Controller\Controller.php, line 796
Cake\Http\ActionDispatcher::_invoke() - CORE\src\Http\ActionDispatcher.php, line 126
Cake\Http\ActionDispatcher::dispatch() - CORE\src\Http\ActionDispatcher.php, line 94
Cake\Http\BaseApplication::__invoke() - CORE\src\Http\BaseApplication.php, line 235
Cake\Http\Runner::__invoke() - CORE\src\Http\Runner.php, line 65
Cake\Http\Runner::__invoke() - CORE\src\Http\Runner.php, line 65
Cake\Http\Middleware\CsrfProtectionMiddleware::__invoke() - CORE\src\Http\Middleware\CsrfProtectionMiddleware.php, line 123
Cake\Http\Runner::__invoke() - CORE\src\Http\Runner.php, line 65
Cake\Http\Runner::run() - CORE\src\Http\Runner.php, line 51
Cake\Routing\Middleware\RoutingMiddleware::__invoke() - CORE\src\Routing\Middleware\RoutingMiddleware.php, line 168
Cake\Http\Runner::__invoke() - CORE\src\Http\Runner.php, line 65
Cake\Routing\Middleware\AssetMiddleware::__invoke() - CORE\src\Routing\Middleware\AssetMiddleware.php, line 88
Cake\Http\Runner::__invoke() - CORE\src\Http\Runner.php, line 65
Cake\Error\Middleware\ErrorHandlerMiddleware::__invoke() - CORE\src\Error\Middleware\ErrorHandlerMiddleware.php, line 96
Cake\Http\Runner::__invoke() - CORE\src\Http\Runner.php, line 65
DebugKit\Middleware\DebugKitMiddleware::__invoke() - ROOT\vendor\cakephp\debug_kit\src\Middleware\DebugKitMiddleware.php, line 53
Cake\Http\Runner::__invoke() - CORE\src\Http\Runner.php, line 65
Cake\Http\Runner::run() - CORE\src\Http\Runner.php, line 51
Cake\Http\Server::run() - CORE\src\Http\Server.php, line 98
[main] - ROOT\webroot\index.php, line 40



2019-09-16 15:19:01 Notice: Notice (8): Undefined variable: files in [C:\UniServerZ\www\gr02\pokemon v0-0-1\src\Template\Pokemon\add.ctp, line 29]
Request URL: /pokemon/add
Referer URL: http://localhost/gr02/pokemon%20v0-0-1/users
Trace:
Cake\Error\BaseErrorHandler::handleError() - CORE\src\Error\BaseErrorHandler.php, line 159
Cake\Core\BasePlugin::{closure}() - ROOT\vendor\cakephp\debug_kit\config\bootstrap.php, line 42
include - APP/Template\Pokemon\add.ctp, line 29
Cake\View\View::_evaluate() - CORE\src\View\View.php, line 1419
Cake\View\View::_render() - CORE\src\View\View.php, line 1380
Cake\View\View::render() - CORE\src\View\View.php, line 880
Cake\Controller\Controller::render() - CORE\src\Controller\Controller.php, line 796
Cake\Http\ActionDispatcher::_invoke() - CORE\src\Http\ActionDispatcher.php, line 126
Cake\Http\ActionDispatcher::dispatch() - CORE\src\Http\ActionDispatcher.php, line 94
Cake\Http\BaseApplication::__invoke() - CORE\src\Http\BaseApplication.php, line 235
Cake\Http\Runner::__invoke() - CORE\src\Http\Runner.php, line 65
Cake\Http\Runner::__invoke() - CORE\src\Http\Runner.php, line 65
Cake\Http\Middleware\CsrfProtectionMiddleware::__invoke() - CORE\src\Http\Middleware\CsrfProtectionMiddleware.php, line 123
Cake\Http\Runner::__invoke() - CORE\src\Http\Runner.php, line 65
Cake\Http\Runner::run() - CORE\src\Http\Runner.php, line 51
Cake\Routing\Middleware\RoutingMiddleware::__invoke() - CORE\src\Routing\Middleware\RoutingMiddleware.php, line 168
Cake\Http\Runner::__invoke() - CORE\src\Http\Runner.php, line 65
Cake\Routing\Middleware\AssetMiddleware::__invoke() - CORE\src\Routing\Middleware\AssetMiddleware.php, line 88
Cake\Http\Runner::__invoke() - CORE\src\Http\Runner.php, line 65
Cake\Error\Middleware\ErrorHandlerMiddleware::__invoke() - CORE\src\Error\Middleware\ErrorHandlerMiddleware.php, line 96
Cake\Http\Runner::__invoke() - CORE\src\Http\Runner.php, line 65
DebugKit\Middleware\DebugKitMiddleware::__invoke() - ROOT\vendor\cakephp\debug_kit\src\Middleware\DebugKitMiddleware.php, line 53
Cake\Http\Runner::__invoke() - CORE\src\Http\Runner.php, line 65
Cake\Http\Runner::run() - CORE\src\Http\Runner.php, line 51
Cake\Http\Server::run() - CORE\src\Http\Server.php, line 98
[main] - ROOT\webroot\index.php, line 40



2019-09-16 15:19:01 Notice: Deprecated (16384): ServerRequest::session() is deprecated. Use getSession() instead. The setter part will be removed. - C:\UniServerZ\www\gr02\pokemon v0-0-1\src\Template\Layout\default.ctp, line: 47
 You can disable deprecation warnings by setting `Error.errorLevel` to `E_ALL & ~E_USER_DEPRECATED` in your config/app.php. in [C:\UniServerZ\www\gr02\pokemon v0-0-1\vendor\cakephp\cakephp\src\Core\functions.php, line 311]
Request URL: /pokemon/add
Referer URL: http://localhost/gr02/pokemon%20v0-0-1/users
Trace:
Cake\Error\BaseErrorHandler::handleError() - CORE\src\Error\BaseErrorHandler.php, line 159
deprecationWarning - CORE\src\Core\functions.php, line 311
Cake\Http\ServerRequest::session() - CORE\src\Http\ServerRequest.php, line 570
include - APP/Template\Layout\default.ctp, line 47
Cake\View\View::_evaluate() - CORE\src\View\View.php, line 1419
Cake\View\View::_render() - CORE\src\View\View.php, line 1380
Cake\View\View::renderLayout() - CORE\src\View\View.php, line 927
Cake\View\View::render() - CORE\src\View\View.php, line 885
Cake\Controller\Controller::render() - CORE\src\Controller\Controller.php, line 796
Cake\Http\ActionDispatcher::_invoke() - CORE\src\Http\ActionDispatcher.php, line 126
Cake\Http\ActionDispatcher::dispatch() - CORE\src\Http\ActionDispatcher.php, line 94
Cake\Http\BaseApplication::__invoke() - CORE\src\Http\BaseApplication.php, line 235
Cake\Http\Runner::__invoke() - CORE\src\Http\Runner.php, line 65
Cake\Http\Runner::__invoke() - CORE\src\Http\Runner.php, line 65
Cake\Http\Middleware\CsrfProtectionMiddleware::__invoke() - CORE\src\Http\Middleware\CsrfProtectionMiddleware.php, line 123
Cake\Http\Runner::__invoke() - CORE\src\Http\Runner.php, line 65
Cake\Http\Runner::run() - CORE\src\Http\Runner.php, line 51
Cake\Routing\Middleware\RoutingMiddleware::__invoke() - CORE\src\Routing\Middleware\RoutingMiddleware.php, line 168
Cake\Http\Runner::__invoke() - CORE\src\Http\Runner.php, line 65
Cake\Routing\Middleware\AssetMiddleware::__invoke() - CORE\src\Routing\Middleware\AssetMiddleware.php, line 88
Cake\Http\Runner::__invoke() - CORE\src\Http\Runner.php, line 65
Cake\Error\Middleware\ErrorHandlerMiddleware::__invoke() - CORE\src\Error\Middleware\ErrorHandlerMiddleware.php, line 96
Cake\Http\Runner::__invoke() - CORE\src\Http\Runner.php, line 65
DebugKit\Middleware\DebugKitMiddleware::__invoke() - ROOT\vendor\cakephp\debug_kit\src\Middleware\DebugKitMiddleware.php, line 53
Cake\Http\Runner::__invoke() - CORE\src\Http\Runner.php, line 65
Cake\Http\Runner::run() - CORE\src\Http\Runner.php, line 51
Cake\Http\Server::run() - CORE\src\Http\Server.php, line 98
[main] - ROOT\webroot\index.php, line 40



2019-09-16 18:24:51 Notice: Notice (1024): Please change the value of 'Security.salt' in ROOT/config/app.php to a salt value specific to your application. in [C:\UniServerZ\www\gr02\pokemon v0-0-1\vendor\cakephp\cakephp\src\Error\Debugger.php, line 963]
Request URL: /
Referer URL: http://localhost/gr02/
Trace:
Cake\Error\BaseErrorHandler::handleError() - CORE\src\Error\BaseErrorHandler.php, line 159
Cake\Core\BasePlugin::{closure}() - ROOT\vendor\cakephp\debug_kit\config\bootstrap.php, line 42
Cake\Error\Debugger::checkSecurityKeys() - CORE\src\Error\Debugger.php, line 963
include - APP/Template\Pages\home.ctp, line 70
Cake\View\View::_evaluate() - CORE\src\View\View.php, line 1419
Cake\View\View::_render() - CORE\src\View\View.php, line 1380
Cake\View\View::render() - CORE\src\View\View.php, line 880
Cake\Controller\Controller::render() - CORE\src\Controller\Controller.php, line 796
App\Controller\PagesController::display() - APP/Controller\PagesController.php, line 61
Cake\Controller\Controller::invokeAction() - CORE\src\Controller\Controller.php, line 610
Cake\Http\ActionDispatcher::_invoke() - CORE\src\Http\ActionDispatcher.php, line 120
Cake\Http\ActionDispatcher::dispatch() - CORE\src\Http\ActionDispatcher.php, line 94
Cake\Http\BaseApplication::__invoke() - CORE\src\Http\BaseApplication.php, line 235
Cake\Http\Runner::__invoke() - CORE\src\Http\Runner.php, line 65
Cake\Http\Runner::__invoke() - CORE\src\Http\Runner.php, line 65
Cake\Http\Middleware\CsrfProtectionMiddleware::__invoke() - CORE\src\Http\Middleware\CsrfProtectionMiddleware.php, line 119
Cake\Http\Runner::__invoke() - CORE\src\Http\Runner.php, line 65
Cake\Http\Runner::run() - CORE\src\Http\Runner.php, line 51
Cake\Routing\Middleware\RoutingMiddleware::__invoke() - CORE\src\Routing\Middleware\RoutingMiddleware.php, line 168
Cake\Http\Runner::__invoke() - CORE\src\Http\Runner.php, line 65
Cake\Routing\Middleware\AssetMiddleware::__invoke() - CORE\src\Routing\Middleware\AssetMiddleware.php, line 88
Cake\Http\Runner::__invoke() - CORE\src\Http\Runner.php, line 65
Cake\Error\Middleware\ErrorHandlerMiddleware::__invoke() - CORE\src\Error\Middleware\ErrorHandlerMiddleware.php, line 96
Cake\Http\Runner::__invoke() - CORE\src\Http\Runner.php, line 65
DebugKit\Middleware\DebugKitMiddleware::__invoke() - ROOT\vendor\cakephp\debug_kit\src\Middleware\DebugKitMiddleware.php, line 53
Cake\Http\Runner::__invoke() - CORE\src\Http\Runner.php, line 65
Cake\Http\Runner::run() - CORE\src\Http\Runner.php, line 51
Cake\Http\Server::run() - CORE\src\Http\Server.php, line 98
[main] - ROOT\webroot\index.php, line 40



2019-09-16 19:26:34 Notice: Notice (8): Trying to get property of non-object in [C:\UniServerZ\www\gr02\pokemon v0-0-1\src\Controller\TypesController.php, line 110]
Request URL: /types/add
Referer URL: http://localhost/gr02/pokemon%20v0-0-1/pokemon
Trace:
Cake\Error\BaseErrorHandler::handleError() - CORE\src\Error\BaseErrorHandler.php, line 159
Cake\Core\BasePlugin::{closure}() - ROOT\vendor\cakephp\debug_kit\config\bootstrap.php, line 42
App\Controller\TypesController::isAuthorized() - APP/Controller\TypesController.php, line 110
Cake\Auth\ControllerAuthorize::authorize() - CORE\src\Auth\ControllerAuthorize.php, line 93
Cake\Controller\Component\AuthComponent::isAuthorized() - CORE\src\Controller\Component\AuthComponent.php, line 540
Cake\Controller\Component\AuthComponent::authCheck() - CORE\src\Controller\Component\AuthComponent.php, line 326
Cake\Controller\Component\AuthComponent::startup() - CORE\src\Controller\Component\AuthComponent.php, line 276
Cake\Event\EventManager::_callListener() - CORE\src\Event\EventManager.php, line 353
Cake\Event\EventManager::dispatch() - CORE\src\Event\EventManager.php, line 330
Cake\Controller\Controller::dispatchEvent() - CORE\src\Event\EventDispatcherTrait.php, line 114
Cake\Controller\Controller::startupProcess() - CORE\src\Controller\Controller.php, line 681
Cake\Http\ActionDispatcher::_invoke() - CORE\src\Http\ActionDispatcher.php, line 115
Cake\Http\ActionDispatcher::dispatch() - CORE\src\Http\ActionDispatcher.php, line 94
Cake\Http\BaseApplication::__invoke() - CORE\src\Http\BaseApplication.php, line 235
Cake\Http\Runner::__invoke() - CORE\src\Http\Runner.php, line 65
Cake\Http\Runner::__invoke() - CORE\src\Http\Runner.php, line 65
Cake\Http\Middleware\CsrfProtectionMiddleware::__invoke() - CORE\src\Http\Middleware\CsrfProtectionMiddleware.php, line 123
Cake\Http\Runner::__invoke() - CORE\src\Http\Runner.php, line 65
Cake\Http\Runner::run() - CORE\src\Http\Runner.php, line 51
Cake\Routing\Middleware\RoutingMiddleware::__invoke() - CORE\src\Routing\Middleware\RoutingMiddleware.php, line 168
Cake\Http\Runner::__invoke() - CORE\src\Http\Runner.php, line 65
Cake\Routing\Middleware\AssetMiddleware::__invoke() - CORE\src\Routing\Middleware\AssetMiddleware.php, line 88
Cake\Http\Runner::__invoke() - CORE\src\Http\Runner.php, line 65
Cake\Error\Middleware\ErrorHandlerMiddleware::__invoke() - CORE\src\Error\Middleware\ErrorHandlerMiddleware.php, line 96
Cake\Http\Runner::__invoke() - CORE\src\Http\Runner.php, line 65
DebugKit\Middleware\DebugKitMiddleware::__invoke() - ROOT\vendor\cakephp\debug_kit\src\Middleware\DebugKitMiddleware.php, line 53
Cake\Http\Runner::__invoke() - CORE\src\Http\Runner.php, line 65
Cake\Http\Runner::run() - CORE\src\Http\Runner.php, line 51
Cake\Http\Server::run() - CORE\src\Http\Server.php, line 98
[main] - ROOT\webroot\index.php, line 40



2019-09-16 19:26:48 Notice: Notice (8): Trying to get property of non-object in [C:\UniServerZ\www\gr02\pokemon v0-0-1\src\Controller\TypesController.php, line 110]
Request URL: /types/add
Referer URL: http://localhost/gr02/pokemon%20v0-0-1/pokemon
Trace:
Cake\Error\BaseErrorHandler::handleError() - CORE\src\Error\BaseErrorHandler.php, line 159
Cake\Core\BasePlugin::{closure}() - ROOT\vendor\cakephp\debug_kit\config\bootstrap.php, line 42
App\Controller\TypesController::isAuthorized() - APP/Controller\TypesController.php, line 110
Cake\Auth\ControllerAuthorize::authorize() - CORE\src\Auth\ControllerAuthorize.php, line 93
Cake\Controller\Component\AuthComponent::isAuthorized() - CORE\src\Controller\Component\AuthComponent.php, line 540
Cake\Controller\Component\AuthComponent::authCheck() - CORE\src\Controller\Component\AuthComponent.php, line 326
Cake\Controller\Component\AuthComponent::startup() - CORE\src\Controller\Component\AuthComponent.php, line 276
Cake\Event\EventManager::_callListener() - CORE\src\Event\EventManager.php, line 353
Cake\Event\EventManager::dispatch() - CORE\src\Event\EventManager.php, line 330
Cake\Controller\Controller::dispatchEvent() - CORE\src\Event\EventDispatcherTrait.php, line 114
Cake\Controller\Controller::startupProcess() - CORE\src\Controller\Controller.php, line 681
Cake\Http\ActionDispatcher::_invoke() - CORE\src\Http\ActionDispatcher.php, line 115
Cake\Http\ActionDispatcher::dispatch() - CORE\src\Http\ActionDispatcher.php, line 94
Cake\Http\BaseApplication::__invoke() - CORE\src\Http\BaseApplication.php, line 235
Cake\Http\Runner::__invoke() - CORE\src\Http\Runner.php, line 65
Cake\Http\Runner::__invoke() - CORE\src\Http\Runner.php, line 65
Cake\Http\Middleware\CsrfProtectionMiddleware::__invoke() - CORE\src\Http\Middleware\CsrfProtectionMiddleware.php, line 123
Cake\Http\Runner::__invoke() - CORE\src\Http\Runner.php, line 65
Cake\Http\Runner::run() - CORE\src\Http\Runner.php, line 51
Cake\Routing\Middleware\RoutingMiddleware::__invoke() - CORE\src\Routing\Middleware\RoutingMiddleware.php, line 168
Cake\Http\Runner::__invoke() - CORE\src\Http\Runner.php, line 65
Cake\Routing\Middleware\AssetMiddleware::__invoke() - CORE\src\Routing\Middleware\AssetMiddleware.php, line 88
Cake\Http\Runner::__invoke() - CORE\src\Http\Runner.php, line 65
Cake\Error\Middleware\ErrorHandlerMiddleware::__invoke() - CORE\src\Error\Middleware\ErrorHandlerMiddleware.php, line 96
Cake\Http\Runner::__invoke() - CORE\src\Http\Runner.php, line 65
DebugKit\Middleware\DebugKitMiddleware::__invoke() - ROOT\vendor\cakephp\debug_kit\src\Middleware\DebugKitMiddleware.php, line 53
Cake\Http\Runner::__invoke() - CORE\src\Http\Runner.php, line 65
Cake\Http\Runner::run() - CORE\src\Http\Runner.php, line 51
Cake\Http\Server::run() - CORE\src\Http\Server.php, line 98
[main] - ROOT\webroot\index.php, line 40



2019-09-16 20:14:16 Notice: Notice (1024): Please change the value of 'Security.salt' in ROOT/config/app.php to a salt value specific to your application. in [C:\UniServerZ\www\gr02\pokemon v0-0-1\vendor\cakephp\cakephp\src\Error\Debugger.php, line 963]
Request URL: /
Referer URL: http://localhost/gr02/
Trace:
Cake\Error\BaseErrorHandler::handleError() - CORE\src\Error\BaseErrorHandler.php, line 159
Cake\Core\BasePlugin::{closure}() - ROOT\vendor\cakephp\debug_kit\config\bootstrap.php, line 42
Cake\Error\Debugger::checkSecurityKeys() - CORE\src\Error\Debugger.php, line 963
include - APP/Template\Pages\home.ctp, line 70
Cake\View\View::_evaluate() - CORE\src\View\View.php, line 1419
Cake\View\View::_render() - CORE\src\View\View.php, line 1380
Cake\View\View::render() - CORE\src\View\View.php, line 880
Cake\Controller\Controller::render() - CORE\src\Controller\Controller.php, line 796
App\Controller\PagesController::display() - APP/Controller\PagesController.php, line 61
Cake\Controller\Controller::invokeAction() - CORE\src\Controller\Controller.php, line 610
Cake\Http\ActionDispatcher::_invoke() - CORE\src\Http\ActionDispatcher.php, line 120
Cake\Http\ActionDispatcher::dispatch() - CORE\src\Http\ActionDispatcher.php, line 94
Cake\Http\BaseApplication::__invoke() - CORE\src\Http\BaseApplication.php, line 235
Cake\Http\Runner::__invoke() - CORE\src\Http\Runner.php, line 65
Cake\Http\Runner::__invoke() - CORE\src\Http\Runner.php, line 65
Cake\Http\Middleware\CsrfProtectionMiddleware::__invoke() - CORE\src\Http\Middleware\CsrfProtectionMiddleware.php, line 123
Cake\Http\Runner::__invoke() - CORE\src\Http\Runner.php, line 65
Cake\Http\Runner::run() - CORE\src\Http\Runner.php, line 51
Cake\Routing\Middleware\RoutingMiddleware::__invoke() - CORE\src\Routing\Middleware\RoutingMiddleware.php, line 168
Cake\Http\Runner::__invoke() - CORE\src\Http\Runner.php, line 65
Cake\Routing\Middleware\AssetMiddleware::__invoke() - CORE\src\Routing\Middleware\AssetMiddleware.php, line 88
Cake\Http\Runner::__invoke() - CORE\src\Http\Runner.php, line 65
Cake\Error\Middleware\ErrorHandlerMiddleware::__invoke() - CORE\src\Error\Middleware\ErrorHandlerMiddleware.php, line 96
Cake\Http\Runner::__invoke() - CORE\src\Http\Runner.php, line 65
DebugKit\Middleware\DebugKitMiddleware::__invoke() - ROOT\vendor\cakephp\debug_kit\src\Middleware\DebugKitMiddleware.php, line 53
Cake\Http\Runner::__invoke() - CORE\src\Http\Runner.php, line 65
Cake\Http\Runner::run() - CORE\src\Http\Runner.php, line 51
Cake\Http\Server::run() - CORE\src\Http\Server.php, line 98
[main] - ROOT\webroot\index.php, line 40



2019-09-23 12:30:56 Notice: Notice (1024): Please change the value of 'Security.salt' in ROOT/config/app.php to a salt value specific to your application. in [C:\UniServerZ\www\gr02\pokemon v0-0-1\vendor\cakephp\cakephp\src\Error\Debugger.php, line 963]
Request URL: /
Referer URL: http://localhost/gr02/
Trace:
Cake\Error\BaseErrorHandler::handleError() - CORE\src\Error\BaseErrorHandler.php, line 159
Cake\Core\BasePlugin::{closure}() - ROOT\vendor\cakephp\debug_kit\config\bootstrap.php, line 42
Cake\Error\Debugger::checkSecurityKeys() - CORE\src\Error\Debugger.php, line 963
include - APP/Template\Pages\home.ctp, line 70
Cake\View\View::_evaluate() - CORE\src\View\View.php, line 1419
Cake\View\View::_render() - CORE\src\View\View.php, line 1380
Cake\View\View::render() - CORE\src\View\View.php, line 880
Cake\Controller\Controller::render() - CORE\src\Controller\Controller.php, line 796
App\Controller\PagesController::display() - APP/Controller\PagesController.php, line 61
Cake\Controller\Controller::invokeAction() - CORE\src\Controller\Controller.php, line 610
Cake\Http\ActionDispatcher::_invoke() - CORE\src\Http\ActionDispatcher.php, line 120
Cake\Http\ActionDispatcher::dispatch() - CORE\src\Http\ActionDispatcher.php, line 94
Cake\Http\BaseApplication::__invoke() - CORE\src\Http\BaseApplication.php, line 235
Cake\Http\Runner::__invoke() - CORE\src\Http\Runner.php, line 65
Cake\Http\Runner::__invoke() - CORE\src\Http\Runner.php, line 65
Cake\Http\Middleware\CsrfProtectionMiddleware::__invoke() - CORE\src\Http\Middleware\CsrfProtectionMiddleware.php, line 119
Cake\Http\Runner::__invoke() - CORE\src\Http\Runner.php, line 65
Cake\Http\Runner::run() - CORE\src\Http\Runner.php, line 51
Cake\Routing\Middleware\RoutingMiddleware::__invoke() - CORE\src\Routing\Middleware\RoutingMiddleware.php, line 168
Cake\Http\Runner::__invoke() - CORE\src\Http\Runner.php, line 65
Cake\Routing\Middleware\AssetMiddleware::__invoke() - CORE\src\Routing\Middleware\AssetMiddleware.php, line 88
Cake\Http\Runner::__invoke() - CORE\src\Http\Runner.php, line 65
Cake\Error\Middleware\ErrorHandlerMiddleware::__invoke() - CORE\src\Error\Middleware\ErrorHandlerMiddleware.php, line 96
Cake\Http\Runner::__invoke() - CORE\src\Http\Runner.php, line 65
DebugKit\Middleware\DebugKitMiddleware::__invoke() - ROOT\vendor\cakephp\debug_kit\src\Middleware\DebugKitMiddleware.php, line 53
Cake\Http\Runner::__invoke() - CORE\src\Http\Runner.php, line 65
Cake\Http\Runner::run() - CORE\src\Http\Runner.php, line 51
Cake\Http\Server::run() - CORE\src\Http\Server.php, line 98
[main] - ROOT\webroot\index.php, line 40



2019-09-23 15:16:43 Notice: Notice (1024): Undefined property: UsersController::$ in C:\UniServerZ\www\gr02\pokemon v0-0-1\src\Controller\UsersController.php on line 66 in [C:\UniServerZ\www\gr02\pokemon v0-0-1\vendor\cakephp\cakephp\src\Controller\Controller.php, line 388]
Request URL: /users/add
Referer URL: http://localhost/gr02/pokemon%20v0-0-1/users/add
Trace:
Cake\Error\BaseErrorHandler::handleError() - CORE\src\Error\BaseErrorHandler.php, line 159
Cake\Core\BasePlugin::{closure}() - ROOT\vendor\cakephp\debug_kit\config\bootstrap.php, line 42
Cake\Controller\Controller::__get() - CORE\src\Controller\Controller.php, line 388
App\Controller\UsersController::add() - APP/Controller\UsersController.php, line 66
Cake\Controller\Controller::invokeAction() - CORE\src\Controller\Controller.php, line 610
Cake\Http\ActionDispatcher::_invoke() - CORE\src\Http\ActionDispatcher.php, line 120
Cake\Http\ActionDispatcher::dispatch() - CORE\src\Http\ActionDispatcher.php, line 94
Cake\Http\BaseApplication::__invoke() - CORE\src\Http\BaseApplication.php, line 235
Cake\Http\Runner::__invoke() - CORE\src\Http\Runner.php, line 65
Cake\Http\Runner::__invoke() - CORE\src\Http\Runner.php, line 65
Cake\Http\Middleware\CsrfProtectionMiddleware::__invoke() - CORE\src\Http\Middleware\CsrfProtectionMiddleware.php, line 123
Cake\Http\Runner::__invoke() - CORE\src\Http\Runner.php, line 65
Cake\Http\Runner::run() - CORE\src\Http\Runner.php, line 51
Cake\Routing\Middleware\RoutingMiddleware::__invoke() - CORE\src\Routing\Middleware\RoutingMiddleware.php, line 168
Cake\Http\Runner::__invoke() - CORE\src\Http\Runner.php, line 65
Cake\Routing\Middleware\AssetMiddleware::__invoke() - CORE\src\Routing\Middleware\AssetMiddleware.php, line 88
Cake\Http\Runner::__invoke() - CORE\src\Http\Runner.php, line 65
Cake\Error\Middleware\ErrorHandlerMiddleware::__invoke() - CORE\src\Error\Middleware\ErrorHandlerMiddleware.php, line 96
Cake\Http\Runner::__invoke() - CORE\src\Http\Runner.php, line 65
DebugKit\Middleware\DebugKitMiddleware::__invoke() - ROOT\vendor\cakephp\debug_kit\src\Middleware\DebugKitMiddleware.php, line 53
Cake\Http\Runner::__invoke() - CORE\src\Http\Runner.php, line 65
Cake\Http\Runner::run() - CORE\src\Http\Runner.php, line 51
Cake\Http\Server::run() - CORE\src\Http\Server.php, line 98
[main] - ROOT\webroot\index.php, line 40



2019-10-04 15:34:41 Notice: Notice (1024): Please change the value of 'Security.salt' in ROOT/config/app.php to a salt value specific to your application. in [C:\UniServerZ\www\gr02\pokemon v0-0-1\vendor\cakephp\cakephp\src\Error\Debugger.php, line 963]
Request URL: /
Referer URL: http://localhost/gr02/
Trace:
Cake\Error\BaseErrorHandler::handleError() - CORE\src\Error\BaseErrorHandler.php, line 159
Cake\Core\BasePlugin::{closure}() - ROOT\vendor\cakephp\debug_kit\config\bootstrap.php, line 42
Cake\Error\Debugger::checkSecurityKeys() - CORE\src\Error\Debugger.php, line 963
include - APP/Template\Pages\home.ctp, line 70
Cake\View\View::_evaluate() - CORE\src\View\View.php, line 1419
Cake\View\View::_render() - CORE\src\View\View.php, line 1380
Cake\View\View::render() - CORE\src\View\View.php, line 880
Cake\Controller\Controller::render() - CORE\src\Controller\Controller.php, line 796
App\Controller\PagesController::display() - APP/Controller\PagesController.php, line 61
Cake\Controller\Controller::invokeAction() - CORE\src\Controller\Controller.php, line 610
Cake\Http\ActionDispatcher::_invoke() - CORE\src\Http\ActionDispatcher.php, line 120
Cake\Http\ActionDispatcher::dispatch() - CORE\src\Http\ActionDispatcher.php, line 94
Cake\Http\BaseApplication::__invoke() - CORE\src\Http\BaseApplication.php, line 235
Cake\Http\Runner::__invoke() - CORE\src\Http\Runner.php, line 65
Cake\Http\Runner::__invoke() - CORE\src\Http\Runner.php, line 65
Cake\Http\Middleware\CsrfProtectionMiddleware::__invoke() - CORE\src\Http\Middleware\CsrfProtectionMiddleware.php, line 119
Cake\Http\Runner::__invoke() - CORE\src\Http\Runner.php, line 65
Cake\Http\Runner::run() - CORE\src\Http\Runner.php, line 51
Cake\Routing\Middleware\RoutingMiddleware::__invoke() - CORE\src\Routing\Middleware\RoutingMiddleware.php, line 168
Cake\Http\Runner::__invoke() - CORE\src\Http\Runner.php, line 65
Cake\Routing\Middleware\AssetMiddleware::__invoke() - CORE\src\Routing\Middleware\AssetMiddleware.php, line 88
Cake\Http\Runner::__invoke() - CORE\src\Http\Runner.php, line 65
Cake\Error\Middleware\ErrorHandlerMiddleware::__invoke() - CORE\src\Error\Middleware\ErrorHandlerMiddleware.php, line 96
Cake\Http\Runner::__invoke() - CORE\src\Http\Runner.php, line 65
DebugKit\Middleware\DebugKitMiddleware::__invoke() - ROOT\vendor\cakephp\debug_kit\src\Middleware\DebugKitMiddleware.php, line 53
Cake\Http\Runner::__invoke() - CORE\src\Http\Runner.php, line 65
Cake\Http\Runner::run() - CORE\src\Http\Runner.php, line 51
Cake\Http\Server::run() - CORE\src\Http\Server.php, line 98
[main] - ROOT\webroot\index.php, line 40



2019-10-07 12:43:30 Notice: Notice (1024): Please change the value of 'Security.salt' in ROOT/config/app.php to a salt value specific to your application. in [C:\UniServerZ\www\gr02\pokemon v0-0-1\vendor\cakephp\cakephp\src\Error\Debugger.php, line 963]
Request URL: /
Referer URL: http://localhost/gr02/
Trace:
Cake\Error\BaseErrorHandler::handleError() - CORE\src\Error\BaseErrorHandler.php, line 159
Cake\Core\BasePlugin::{closure}() - ROOT\vendor\cakephp\debug_kit\config\bootstrap.php, line 42
Cake\Error\Debugger::checkSecurityKeys() - CORE\src\Error\Debugger.php, line 963
include - APP/Template\Pages\home.ctp, line 70
Cake\View\View::_evaluate() - CORE\src\View\View.php, line 1419
Cake\View\View::_render() - CORE\src\View\View.php, line 1380
Cake\View\View::render() - CORE\src\View\View.php, line 880
Cake\Controller\Controller::render() - CORE\src\Controller\Controller.php, line 796
App\Controller\PagesController::display() - APP/Controller\PagesController.php, line 61
Cake\Controller\Controller::invokeAction() - CORE\src\Controller\Controller.php, line 610
Cake\Http\ActionDispatcher::_invoke() - CORE\src\Http\ActionDispatcher.php, line 120
Cake\Http\ActionDispatcher::dispatch() - CORE\src\Http\ActionDispatcher.php, line 94
Cake\Http\BaseApplication::__invoke() - CORE\src\Http\BaseApplication.php, line 235
Cake\Http\Runner::__invoke() - CORE\src\Http\Runner.php, line 65
Cake\Http\Runner::__invoke() - CORE\src\Http\Runner.php, line 65
Cake\Http\Middleware\CsrfProtectionMiddleware::__invoke() - CORE\src\Http\Middleware\CsrfProtectionMiddleware.php, line 119
Cake\Http\Runner::__invoke() - CORE\src\Http\Runner.php, line 65
Cake\Http\Runner::run() - CORE\src\Http\Runner.php, line 51
Cake\Routing\Middleware\RoutingMiddleware::__invoke() - CORE\src\Routing\Middleware\RoutingMiddleware.php, line 168
Cake\Http\Runner::__invoke() - CORE\src\Http\Runner.php, line 65
Cake\Routing\Middleware\AssetMiddleware::__invoke() - CORE\src\Routing\Middleware\AssetMiddleware.php, line 88
Cake\Http\Runner::__invoke() - CORE\src\Http\Runner.php, line 65
Cake\Error\Middleware\ErrorHandlerMiddleware::__invoke() - CORE\src\Error\Middleware\ErrorHandlerMiddleware.php, line 96
Cake\Http\Runner::__invoke() - CORE\src\Http\Runner.php, line 65
DebugKit\Middleware\DebugKitMiddleware::__invoke() - ROOT\vendor\cakephp\debug_kit\src\Middleware\DebugKitMiddleware.php, line 53
Cake\Http\Runner::__invoke() - CORE\src\Http\Runner.php, line 65
Cake\Http\Runner::run() - CORE\src\Http\Runner.php, line 51
Cake\Http\Server::run() - CORE\src\Http\Server.php, line 98
[main] - ROOT\webroot\index.php, line 40



2019-10-07 17:16:12 Notice: Notice (1024): Please change the value of 'Security.salt' in ROOT/config/app.php to a salt value specific to your application. in [C:\UniServerZ\www\gr02\pokemon v0-0-1\vendor\cakephp\cakephp\src\Error\Debugger.php, line 963]
Request URL: /
Referer URL: http://localhost/gr02/
Trace:
Cake\Error\BaseErrorHandler::handleError() - CORE\src\Error\BaseErrorHandler.php, line 159
Cake\Core\BasePlugin::{closure}() - ROOT\vendor\cakephp\debug_kit\config\bootstrap.php, line 42
Cake\Error\Debugger::checkSecurityKeys() - CORE\src\Error\Debugger.php, line 963
include - APP/Template\Pages\home.ctp, line 70
Cake\View\View::_evaluate() - CORE\src\View\View.php, line 1419
Cake\View\View::_render() - CORE\src\View\View.php, line 1380
Cake\View\View::render() - CORE\src\View\View.php, line 880
Cake\Controller\Controller::render() - CORE\src\Controller\Controller.php, line 796
App\Controller\PagesController::display() - APP/Controller\PagesController.php, line 61
Cake\Controller\Controller::invokeAction() - CORE\src\Controller\Controller.php, line 610
Cake\Http\ActionDispatcher::_invoke() - CORE\src\Http\ActionDispatcher.php, line 120
Cake\Http\ActionDispatcher::dispatch() - CORE\src\Http\ActionDispatcher.php, line 94
Cake\Http\BaseApplication::__invoke() - CORE\src\Http\BaseApplication.php, line 235
Cake\Http\Runner::__invoke() - CORE\src\Http\Runner.php, line 65
Cake\Http\Runner::__invoke() - CORE\src\Http\Runner.php, line 65
Cake\Http\Middleware\CsrfProtectionMiddleware::__invoke() - CORE\src\Http\Middleware\CsrfProtectionMiddleware.php, line 119
Cake\Http\Runner::__invoke() - CORE\src\Http\Runner.php, line 65
Cake\Http\Runner::run() - CORE\src\Http\Runner.php, line 51
Cake\Routing\Middleware\RoutingMiddleware::__invoke() - CORE\src\Routing\Middleware\RoutingMiddleware.php, line 168
Cake\Http\Runner::__invoke() - CORE\src\Http\Runner.php, line 65
Cake\Routing\Middleware\AssetMiddleware::__invoke() - CORE\src\Routing\Middleware\AssetMiddleware.php, line 88
Cake\Http\Runner::__invoke() - CORE\src\Http\Runner.php, line 65
Cake\Error\Middleware\ErrorHandlerMiddleware::__invoke() - CORE\src\Error\Middleware\ErrorHandlerMiddleware.php, line 96
Cake\Http\Runner::__invoke() - CORE\src\Http\Runner.php, line 65
DebugKit\Middleware\DebugKitMiddleware::__invoke() - ROOT\vendor\cakephp\debug_kit\src\Middleware\DebugKitMiddleware.php, line 53
Cake\Http\Runner::__invoke() - CORE\src\Http\Runner.php, line 65
Cake\Http\Runner::run() - CORE\src\Http\Runner.php, line 51
Cake\Http\Server::run() - CORE\src\Http\Server.php, line 98
[main] - ROOT\webroot\index.php, line 40



2019-10-11 15:11:06 Notice: Notice (1024): Please change the value of 'Security.salt' in ROOT/config/app.php to a salt value specific to your application. in [C:\UniServerZ\www\gr02\pokemon v0-0-1\vendor\cakephp\cakephp\src\Error\Debugger.php, line 963]
Request URL: /
Referer URL: http://localhost/gr02/
Trace:
Cake\Error\BaseErrorHandler::handleError() - CORE\src\Error\BaseErrorHandler.php, line 159
Cake\Core\BasePlugin::{closure}() - ROOT\vendor\cakephp\debug_kit\config\bootstrap.php, line 42
Cake\Error\Debugger::checkSecurityKeys() - CORE\src\Error\Debugger.php, line 963
include - APP/Template\Pages\home.ctp, line 70
Cake\View\View::_evaluate() - CORE\src\View\View.php, line 1419
Cake\View\View::_render() - CORE\src\View\View.php, line 1380
Cake\View\View::render() - CORE\src\View\View.php, line 880
Cake\Controller\Controller::render() - CORE\src\Controller\Controller.php, line 796
App\Controller\PagesController::display() - APP/Controller\PagesController.php, line 61
Cake\Controller\Controller::invokeAction() - CORE\src\Controller\Controller.php, line 610
Cake\Http\ActionDispatcher::_invoke() - CORE\src\Http\ActionDispatcher.php, line 120
Cake\Http\ActionDispatcher::dispatch() - CORE\src\Http\ActionDispatcher.php, line 94
Cake\Http\BaseApplication::__invoke() - CORE\src\Http\BaseApplication.php, line 235
Cake\Http\Runner::__invoke() - CORE\src\Http\Runner.php, line 65
Cake\Http\Runner::__invoke() - CORE\src\Http\Runner.php, line 65
Cake\Http\Middleware\CsrfProtectionMiddleware::__invoke() - CORE\src\Http\Middleware\CsrfProtectionMiddleware.php, line 119
Cake\Http\Runner::__invoke() - CORE\src\Http\Runner.php, line 65
Cake\Http\Runner::run() - CORE\src\Http\Runner.php, line 51
Cake\Routing\Middleware\RoutingMiddleware::__invoke() - CORE\src\Routing\Middleware\RoutingMiddleware.php, line 168
Cake\Http\Runner::__invoke() - CORE\src\Http\Runner.php, line 65
Cake\Routing\Middleware\AssetMiddleware::__invoke() - CORE\src\Routing\Middleware\AssetMiddleware.php, line 88
Cake\Http\Runner::__invoke() - CORE\src\Http\Runner.php, line 65
Cake\Error\Middleware\ErrorHandlerMiddleware::__invoke() - CORE\src\Error\Middleware\ErrorHandlerMiddleware.php, line 96
Cake\Http\Runner::__invoke() - CORE\src\Http\Runner.php, line 65
DebugKit\Middleware\DebugKitMiddleware::__invoke() - ROOT\vendor\cakephp\debug_kit\src\Middleware\DebugKitMiddleware.php, line 53
Cake\Http\Runner::__invoke() - CORE\src\Http\Runner.php, line 65
Cake\Http\Runner::run() - CORE\src\Http\Runner.php, line 51
Cake\Http\Server::run() - CORE\src\Http\Server.php, line 98
[main] - ROOT\webroot\index.php, line 40



2019-10-11 15:59:06 Notice: Notice (1024): Please change the value of 'Security.salt' in ROOT/config/app.php to a salt value specific to your application. in [C:\UniServerZ\www\gr02\pokemon v0-0-1\vendor\cakephp\cakephp\src\Error\Debugger.php, line 963]
Request URL: /
Referer URL: http://localhost/gr02/
Trace:
Cake\Error\BaseErrorHandler::handleError() - CORE\src\Error\BaseErrorHandler.php, line 159
Cake\Core\BasePlugin::{closure}() - ROOT\vendor\cakephp\debug_kit\config\bootstrap.php, line 42
Cake\Error\Debugger::checkSecurityKeys() - CORE\src\Error\Debugger.php, line 963
include - APP/Template\Pages\home.ctp, line 70
Cake\View\View::_evaluate() - CORE\src\View\View.php, line 1419
Cake\View\View::_render() - CORE\src\View\View.php, line 1380
Cake\View\View::render() - CORE\src\View\View.php, line 880
Cake\Controller\Controller::render() - CORE\src\Controller\Controller.php, line 796
App\Controller\PagesController::display() - APP/Controller\PagesController.php, line 61
Cake\Controller\Controller::invokeAction() - CORE\src\Controller\Controller.php, line 610
Cake\Http\ActionDispatcher::_invoke() - CORE\src\Http\ActionDispatcher.php, line 120
Cake\Http\ActionDispatcher::dispatch() - CORE\src\Http\ActionDispatcher.php, line 94
Cake\Http\BaseApplication::__invoke() - CORE\src\Http\BaseApplication.php, line 235
Cake\Http\Runner::__invoke() - CORE\src\Http\Runner.php, line 65
Cake\Http\Runner::__invoke() - CORE\src\Http\Runner.php, line 65
Cake\Http\Middleware\CsrfProtectionMiddleware::__invoke() - CORE\src\Http\Middleware\CsrfProtectionMiddleware.php, line 123
Cake\Http\Runner::__invoke() - CORE\src\Http\Runner.php, line 65
Cake\Http\Runner::run() - CORE\src\Http\Runner.php, line 51
Cake\Routing\Middleware\RoutingMiddleware::__invoke() - CORE\src\Routing\Middleware\RoutingMiddleware.php, line 168
Cake\Http\Runner::__invoke() - CORE\src\Http\Runner.php, line 65
Cake\Routing\Middleware\AssetMiddleware::__invoke() - CORE\src\Routing\Middleware\AssetMiddleware.php, line 88
Cake\Http\Runner::__invoke() - CORE\src\Http\Runner.php, line 65
Cake\Error\Middleware\ErrorHandlerMiddleware::__invoke() - CORE\src\Error\Middleware\ErrorHandlerMiddleware.php, line 96
Cake\Http\Runner::__invoke() - CORE\src\Http\Runner.php, line 65
DebugKit\Middleware\DebugKitMiddleware::__invoke() - ROOT\vendor\cakephp\debug_kit\src\Middleware\DebugKitMiddleware.php, line 53
Cake\Http\Runner::__invoke() - CORE\src\Http\Runner.php, line 65
Cake\Http\Runner::run() - CORE\src\Http\Runner.php, line 51
Cake\Http\Server::run() - CORE\src\Http\Server.php, line 98
[main] - ROOT\webroot\index.php, line 40



2019-10-11 16:02:50 Notice: Notice (1024): Please change the value of 'Security.salt' in ROOT/config/app.php to a salt value specific to your application. in [C:\UniServerZ\www\gr02\pokemon v0-0-1\vendor\cakephp\cakephp\src\Error\Debugger.php, line 963]
Request URL: /
Trace:
Cake\Error\BaseErrorHandler::handleError() - CORE\src\Error\BaseErrorHandler.php, line 159
Cake\Core\BasePlugin::{closure}() - ROOT\vendor\cakephp\debug_kit\config\bootstrap.php, line 42
Cake\Error\Debugger::checkSecurityKeys() - CORE\src\Error\Debugger.php, line 963
include - APP/Template\Pages\home.ctp, line 70
Cake\View\View::_evaluate() - CORE\src\View\View.php, line 1419
Cake\View\View::_render() - CORE\src\View\View.php, line 1380
Cake\View\View::render() - CORE\src\View\View.php, line 880
Cake\Controller\Controller::render() - CORE\src\Controller\Controller.php, line 796
App\Controller\PagesController::display() - APP/Controller\PagesController.php, line 61
Cake\Controller\Controller::invokeAction() - CORE\src\Controller\Controller.php, line 610
Cake\Http\ActionDispatcher::_invoke() - CORE\src\Http\ActionDispatcher.php, line 120
Cake\Http\ActionDispatcher::dispatch() - CORE\src\Http\ActionDispatcher.php, line 94
Cake\Http\BaseApplication::__invoke() - CORE\src\Http\BaseApplication.php, line 235
Cake\Http\Runner::__invoke() - CORE\src\Http\Runner.php, line 65
Cake\Http\Runner::__invoke() - CORE\src\Http\Runner.php, line 65
Cake\Http\Middleware\CsrfProtectionMiddleware::__invoke() - CORE\src\Http\Middleware\CsrfProtectionMiddleware.php, line 123
Cake\Http\Runner::__invoke() - CORE\src\Http\Runner.php, line 65
Cake\Http\Runner::run() - CORE\src\Http\Runner.php, line 51
Cake\Routing\Middleware\RoutingMiddleware::__invoke() - CORE\src\Routing\Middleware\RoutingMiddleware.php, line 168
Cake\Http\Runner::__invoke() - CORE\src\Http\Runner.php, line 65
Cake\Routing\Middleware\AssetMiddleware::__invoke() - CORE\src\Routing\Middleware\AssetMiddleware.php, line 88
Cake\Http\Runner::__invoke() - CORE\src\Http\Runner.php, line 65
Cake\Error\Middleware\ErrorHandlerMiddleware::__invoke() - CORE\src\Error\Middleware\ErrorHandlerMiddleware.php, line 96
Cake\Http\Runner::__invoke() - CORE\src\Http\Runner.php, line 65
DebugKit\Middleware\DebugKitMiddleware::__invoke() - ROOT\vendor\cakephp\debug_kit\src\Middleware\DebugKitMiddleware.php, line 53
Cake\Http\Runner::__invoke() - CORE\src\Http\Runner.php, line 65
Cake\Http\Runner::run() - CORE\src\Http\Runner.php, line 51
Cake\Http\Server::run() - CORE\src\Http\Server.php, line 98
[main] - ROOT\webroot\index.php, line 40



